06-Mar-25 15:06:24	[WARNING]	In root	[GCS] Ground Control Station Initialized
06-Mar-25 15:06:24	[WARNING]	In root	[GCS] Ground Control Station Initialized
06-Mar-25 15:36:48	[INFO]	In root	[LOG_SERIAL] Device "COM10" is successfully connected with baud rate 9600.
06-Mar-25 15:36:48	[INFO]	In root	[THREAD_SERIAL] Thread is started!
06-Mar-25 15:36:48	[INFO]	In root	[THREAD_SERIAL] Thread is started!
06-Mar-25 15:36:48	[INFO]	In root	[THREAD_FILE] File writer thread task started.
06-Mar-25 15:36:48	[INFO]	In root	[THREAD_FILE] Thread is started!
06-Mar-25 15:36:48	[INFO]	In root	[THREAD_FILE] File writer thread task started.
06-Mar-25 15:36:48	[INFO]	In root	[THREAD_FILE] Thread is started!
06-Mar-25 15:36:48	[INFO]	In root	[TELEMETRY_BROADCAST] Telemetry broadcast thread started.
06-Mar-25 15:36:50	[ERROR]	In root	[PARSER] Data length ERROR
06-Mar-25 15:36:50	[ERROR]	In root	[PARSER] Data length ERROR
06-Mar-25 15:40:28	[WARNING]	In root	[GCS] Ground Control Station Initialized
06-Mar-25 15:40:28	[WARNING]	In root	[GCS] Ground Control Station Initialized
06-Mar-25 15:41:19	[CRITICAL]	In root	[LOG_SERIAL] The port has not been initialized.
06-Mar-25 15:47:43	[INFO]	In root	[LOG_SERIAL] Device "COM10" is successfully connected with baud rate 9600.
06-Mar-25 15:47:43	[INFO]	In root	[THREAD_SERIAL] Thread is started!
06-Mar-25 15:47:43	[INFO]	In root	[THREAD_SERIAL] Thread is started!
06-Mar-25 15:47:43	[INFO]	In root	[THREAD_FILE] File writer thread task started.
06-Mar-25 15:47:43	[INFO]	In root	[THREAD_FILE] Thread is started!
06-Mar-25 15:47:43	[INFO]	In root	[THREAD_FILE] File writer thread task started.
06-Mar-25 15:47:43	[INFO]	In root	[THREAD_FILE] Thread is started!
06-Mar-25 15:47:43	[INFO]	In root	[TELEMETRY_BROADCAST] Telemetry broadcast thread started.
06-Mar-25 15:47:45	[ERROR]	In root	[PARSER] Data length ERROR
06-Mar-25 15:47:46	[ERROR]	In root	[PARSER] Data length ERROR
06-Mar-25 15:47:48	[INFO]	In root	[THREAD_SERIAL] Thread is stopped and destroyed!
06-Mar-25 15:47:48	[INFO]	In root	[THREAD_FILE] File writer thread task stopped.
06-Mar-25 15:47:48	[INFO]	In root	[THREAD_FILE] File writer thread task stopped.
06-Mar-25 15:47:48	[INFO]	In root	[THREAD_FILE] Thread is stopped and destroyed!
06-Mar-25 15:47:48	[INFO]	In root	[LOG_SERIAL] "COM10" has been successfully closed!
06-Mar-25 15:47:50	[INFO]	In root	[LOG_SERIAL] Device "COM10" is successfully connected with baud rate 115200.
06-Mar-25 15:47:50	[INFO]	In root	[THREAD_SERIAL] Thread is started!
06-Mar-25 15:47:50	[INFO]	In root	[THREAD_SERIAL] Thread is started!
06-Mar-25 15:47:50	[INFO]	In root	[THREAD_FILE] File writer thread task started.
06-Mar-25 15:47:50	[INFO]	In root	[THREAD_FILE] Thread is started!
06-Mar-25 15:47:50	[INFO]	In root	[THREAD_FILE] File writer thread task started.
06-Mar-25 15:47:50	[INFO]	In root	[THREAD_FILE] Thread is started!
06-Mar-25 15:47:50	[INFO]	In root	[TELEMETRY_BROADCAST] Telemetry broadcast thread started.
06-Mar-25 15:47:51	[ERROR]	In root	[PARSER] Data length ERROR
06-Mar-25 15:47:52	[ERROR]	In root	[PARSER] Data length ERROR
06-Mar-25 15:47:53	[ERROR]	In root	[PARSER] Data length ERROR
06-Mar-25 15:47:55	[ERROR]	In root	[PARSER] Data length ERROR
06-Mar-25 15:47:55	[ERROR]	In root	[PARSER] Data length ERROR
06-Mar-25 15:47:57	[ERROR]	In root	[PARSER] Data length ERROR
06-Mar-25 15:47:58	[ERROR]	In root	[PARSER] Data length ERROR
06-Mar-25 15:47:59	[ERROR]	In root	[PARSER] Data length ERROR
06-Mar-25 15:48:00	[ERROR]	In root	[PARSER] Data length ERROR
06-Mar-25 15:48:01	[ERROR]	In root	[PARSER] Data length ERROR
06-Mar-25 15:48:02	[ERROR]	In root	[PARSER] Data length ERROR
06-Mar-25 15:48:03	[ERROR]	In root	[PARSER] Data length ERROR
06-Mar-25 15:48:04	[ERROR]	In root	[PARSER] Data length ERROR
06-Mar-25 15:48:05	[ERROR]	In root	[PARSER] Data length ERROR
06-Mar-25 15:48:06	[ERROR]	In root	[PARSER] Data length ERROR
06-Mar-25 15:48:07	[ERROR]	In root	[PARSER] Data length ERROR
06-Mar-25 15:48:09	[ERROR]	In root	[PARSER] Data length ERROR
06-Mar-25 15:48:10	[ERROR]	In root	[PARSER] Data length ERROR
06-Mar-25 15:48:11	[ERROR]	In root	[PARSER] Data length ERROR
06-Mar-25 15:48:12	[ERROR]	In root	[PARSER] Data length ERROR
06-Mar-25 15:48:13	[ERROR]	In root	[PARSER] Data length ERROR
06-Mar-25 15:48:14	[INFO]	In root	[THREAD_SERIAL] Thread is stopped and destroyed!
06-Mar-25 15:48:14	[INFO]	In root	[THREAD_FILE] File writer thread task stopped.
06-Mar-25 15:48:14	[INFO]	In root	[THREAD_FILE] File writer thread task stopped.
06-Mar-25 15:48:14	[INFO]	In root	[THREAD_FILE] Thread is stopped and destroyed!
06-Mar-25 15:48:14	[INFO]	In root	[LOG_SERIAL] "COM10" has been successfully closed!
06-Mar-25 15:49:15	[INFO]	In root	[LOG_SERIAL] Device "COM10" is successfully connected with baud rate 115200.
06-Mar-25 15:49:15	[INFO]	In root	[THREAD_SERIAL] Thread is started!
06-Mar-25 15:49:15	[INFO]	In root	[THREAD_SERIAL] Thread is started!
06-Mar-25 15:49:15	[INFO]	In root	[THREAD_FILE] File writer thread task started.
06-Mar-25 15:49:15	[INFO]	In root	[THREAD_FILE] Thread is started!
06-Mar-25 15:49:15	[INFO]	In root	[THREAD_FILE] File writer thread task started.
06-Mar-25 15:49:15	[INFO]	In root	[THREAD_FILE] Thread is started!
06-Mar-25 15:49:15	[INFO]	In root	[TELEMETRY_BROADCAST] Telemetry broadcast thread started.
06-Mar-25 15:49:16	[ERROR]	In root	[PARSER] Data length ERROR
06-Mar-25 15:49:17	[ERROR]	In root	[PARSER] Data length ERROR
06-Mar-25 15:49:18	[ERROR]	In root	[PARSER] Data length ERROR
06-Mar-25 15:49:18	[ERROR]	In root	[PARSER] Data length ERROR
06-Mar-25 15:49:20	[ERROR]	In root	[PARSER] Data length ERROR
06-Mar-25 15:49:20	[ERROR]	In root	[PARSER] Data length ERROR
06-Mar-25 15:49:21	[ERROR]	In root	[PARSER] Data length ERROR
06-Mar-25 15:49:22	[ERROR]	In root	[PARSER] Data length ERROR
06-Mar-25 15:49:23	[ERROR]	In root	[PARSER] Data length ERROR
06-Mar-25 15:49:24	[ERROR]	In root	[PARSER] Data length ERROR
06-Mar-25 15:50:04	[WARNING]	In root	[GCS] Ground Control Station Initialized
06-Mar-25 15:50:04	[WARNING]	In root	[GCS] Ground Control Station Initialized
06-Mar-25 15:50:11	[CRITICAL]	In root	[LOG_SERIAL] The port has not been initialized.
06-Mar-25 15:50:11	[INFO]	In root	[LOG_SERIAL] Device "COM10" is successfully connected with baud rate 115200.
06-Mar-25 15:50:11	[INFO]	In root	[THREAD_SERIAL] Thread is started!
06-Mar-25 15:50:11	[INFO]	In root	[THREAD_SERIAL] Thread is started!
06-Mar-25 15:50:11	[INFO]	In root	[THREAD_FILE] File writer thread task started.
06-Mar-25 15:50:11	[INFO]	In root	[THREAD_FILE] Thread is started!
06-Mar-25 15:50:11	[INFO]	In root	[THREAD_FILE] File writer thread task started.
06-Mar-25 15:50:11	[INFO]	In root	[THREAD_FILE] Thread is started!
06-Mar-25 15:50:11	[INFO]	In root	[TELEMETRY_BROADCAST] Telemetry broadcast thread started.
06-Mar-25 15:50:13	[ERROR]	In root	[PARSER] Data length ERROR
06-Mar-25 15:50:13	[ERROR]	In root	[PARSER] Data length ERROR
06-Mar-25 15:50:14	[ERROR]	In root	[PARSER] Data length ERROR
06-Mar-25 15:50:15	[ERROR]	In root	[PARSER] Data length ERROR
06-Mar-25 15:50:16	[ERROR]	In root	[PARSER] Data length ERROR
06-Mar-25 15:50:17	[ERROR]	In root	[PARSER] Data length ERROR
06-Mar-25 15:50:18	[ERROR]	In root	[PARSER] Data length ERROR
06-Mar-25 15:50:18	[ERROR]	In root	[PARSER] Data length ERROR
06-Mar-25 15:50:19	[ERROR]	In root	[PARSER] Data length ERROR
06-Mar-25 15:50:20	[ERROR]	In root	[PARSER] Data length ERROR
06-Mar-25 15:50:21	[ERROR]	In root	[PARSER] Data length ERROR
06-Mar-25 15:50:22	[ERROR]	In root	[PARSER] Data length ERROR
06-Mar-25 15:50:22	[ERROR]	In root	[PARSER] Data length ERROR
06-Mar-25 15:50:23	[ERROR]	In root	[PARSER] Data length ERROR
06-Mar-25 15:50:24	[ERROR]	In root	[PARSER] Data length ERROR
06-Mar-25 15:50:25	[ERROR]	In root	[PARSER] Data length ERROR
06-Mar-25 15:50:26	[ERROR]	In root	[PARSER] Data length ERROR
06-Mar-25 15:50:27	[ERROR]	In root	[PARSER] Data length ERROR
06-Mar-25 15:50:28	[ERROR]	In root	[PARSER] Data length ERROR
06-Mar-25 15:50:28	[ERROR]	In root	[PARSER] Data length ERROR
06-Mar-25 15:50:29	[ERROR]	In root	[PARSER] Data length ERROR
06-Mar-25 15:50:30	[ERROR]	In root	[PARSER] Data length ERROR
06-Mar-25 15:50:31	[ERROR]	In root	[PARSER] Data length ERROR
06-Mar-25 15:50:32	[ERROR]	In root	[PARSER] Data length ERROR
06-Mar-25 15:50:33	[ERROR]	In root	[PARSER] Data length ERROR
06-Mar-25 15:50:33	[ERROR]	In root	[PARSER] Data length ERROR
06-Mar-25 15:50:34	[ERROR]	In root	[PARSER] Data length ERROR
06-Mar-25 15:50:39	[WARNING]	In root	[GCS] Ground Control Station Initialized
06-Mar-25 15:50:39	[WARNING]	In root	[GCS] Ground Control Station Initialized
06-Mar-25 15:50:47	[CRITICAL]	In root	[LOG_SERIAL] The port has not been initialized.
06-Mar-25 15:50:47	[INFO]	In root	[LOG_SERIAL] Device "COM10" is successfully connected with baud rate 115200.
06-Mar-25 15:50:47	[INFO]	In root	[THREAD_SERIAL] Thread is started!
06-Mar-25 15:50:47	[INFO]	In root	[THREAD_SERIAL] Thread is started!
06-Mar-25 15:50:47	[INFO]	In root	[THREAD_FILE] File writer thread task started.
06-Mar-25 15:50:47	[INFO]	In root	[THREAD_FILE] Thread is started!
06-Mar-25 15:50:47	[INFO]	In root	[THREAD_FILE] File writer thread task started.
06-Mar-25 15:50:47	[INFO]	In root	[THREAD_FILE] Thread is started!
06-Mar-25 15:50:47	[INFO]	In root	[TELEMETRY_BROADCAST] Telemetry broadcast thread started.
06-Mar-25 15:50:49	[ERROR]	In root	[PARSER] Data length ERROR
06-Mar-25 15:50:49	[ERROR]	In root	[PARSER] Data length ERROR
06-Mar-25 15:50:50	[ERROR]	In root	[PARSER] Data length ERROR
06-Mar-25 15:50:51	[ERROR]	In root	[PARSER] Data length ERROR
06-Mar-25 15:50:52	[ERROR]	In root	[PARSER] Data length ERROR
06-Mar-25 15:50:53	[ERROR]	In root	[PARSER] Data length ERROR
06-Mar-25 15:50:53	[ERROR]	In root	[PARSER] Data length ERROR
06-Mar-25 15:50:54	[ERROR]	In root	[PARSER] Data length ERROR
06-Mar-25 15:50:55	[ERROR]	In root	[PARSER] Data length ERROR
06-Mar-25 15:51:01	[WARNING]	In root	[GCS] Ground Control Station Initialized
06-Mar-25 15:51:01	[WARNING]	In root	[GCS] Ground Control Station Initialized
06-Mar-25 15:51:05	[CRITICAL]	In root	[LOG_SERIAL] The port has not been initialized.
06-Mar-25 15:51:05	[INFO]	In root	[LOG_SERIAL] Device "COM10" is successfully connected with baud rate 115200.
06-Mar-25 15:51:05	[INFO]	In root	[THREAD_SERIAL] Thread is started!
06-Mar-25 15:51:05	[INFO]	In root	[THREAD_SERIAL] Thread is started!
06-Mar-25 15:51:05	[INFO]	In root	[THREAD_FILE] File writer thread task started.
06-Mar-25 15:51:05	[INFO]	In root	[THREAD_FILE] Thread is started!
06-Mar-25 15:51:05	[INFO]	In root	[THREAD_FILE] File writer thread task started.
06-Mar-25 15:51:05	[INFO]	In root	[THREAD_FILE] Thread is started!
06-Mar-25 15:51:05	[INFO]	In root	[TELEMETRY_BROADCAST] Telemetry broadcast thread started.
06-Mar-25 15:51:07	[ERROR]	In root	[PARSER] Data length ERROR
06-Mar-25 15:51:08	[ERROR]	In root	[PARSER] Data length ERROR
06-Mar-25 15:51:09	[ERROR]	In root	[PARSER] Data length ERROR
06-Mar-25 15:51:10	[ERROR]	In root	[PARSER] Data length ERROR
06-Mar-25 15:51:11	[ERROR]	In root	[PARSER] Data length ERROR
06-Mar-25 15:51:12	[ERROR]	In root	[PARSER] Data length ERROR
06-Mar-25 15:51:13	[ERROR]	In root	[PARSER] Data length ERROR
06-Mar-25 15:51:14	[ERROR]	In root	[PARSER] Data length ERROR
06-Mar-25 15:51:15	[ERROR]	In root	[PARSER] Data length ERROR
06-Mar-25 15:51:16	[ERROR]	In root	[PARSER] Data length ERROR
06-Mar-25 15:51:17	[ERROR]	In root	[PARSER] Data length ERROR
06-Mar-25 15:51:18	[ERROR]	In root	[PARSER] Data length ERROR
06-Mar-25 15:51:19	[WARNING]	In root	[GCS] Ground Control Station Initialized
06-Mar-25 15:51:22	[WARNING]	In root	[GCS] Ground Control Station Initialized
06-Mar-25 15:51:24	[CRITICAL]	In root	[LOG_SERIAL] The port has not been initialized.
06-Mar-25 15:52:00	[INFO]	In root	[LOG_SERIAL] Device "COM10" is successfully connected with baud rate 115200.
06-Mar-25 15:52:00	[INFO]	In root	[THREAD_SERIAL] Thread is started!
06-Mar-25 15:52:00	[INFO]	In root	[THREAD_SERIAL] Thread is started!
06-Mar-25 15:52:00	[INFO]	In root	[THREAD_FILE] File writer thread task started.
06-Mar-25 15:52:00	[INFO]	In root	[THREAD_FILE] Thread is started!
06-Mar-25 15:52:00	[INFO]	In root	[THREAD_FILE] File writer thread task started.
06-Mar-25 15:52:00	[INFO]	In root	[THREAD_FILE] Thread is started!
06-Mar-25 15:52:00	[INFO]	In root	[TELEMETRY_BROADCAST] Telemetry broadcast thread started.
06-Mar-25 15:52:02	[ERROR]	In root	[PARSER] Data length ERROR
06-Mar-25 15:52:03	[ERROR]	In root	[PARSER] Data length ERROR
06-Mar-25 15:52:04	[ERROR]	In root	[PARSER] Data length ERROR
06-Mar-25 15:52:05	[ERROR]	In root	[PARSER] Data length ERROR
06-Mar-25 15:52:06	[ERROR]	In root	[PARSER] Data length ERROR
06-Mar-25 15:52:07	[ERROR]	In root	[PARSER] Data length ERROR
06-Mar-25 15:52:08	[ERROR]	In root	[PARSER] Data length ERROR
06-Mar-25 15:52:09	[ERROR]	In root	[PARSER] Data length ERROR
06-Mar-25 15:52:10	[ERROR]	In root	[PARSER] Data length ERROR
06-Mar-25 15:52:11	[ERROR]	In root	[PARSER] Data length ERROR
06-Mar-25 15:52:12	[ERROR]	In root	[PARSER] Data length ERROR
06-Mar-25 15:52:14	[ERROR]	In root	[PARSER] Data length ERROR
06-Mar-25 15:52:15	[ERROR]	In root	[PARSER] Data length ERROR
06-Mar-25 15:52:16	[ERROR]	In root	[PARSER] Data length ERROR
06-Mar-25 15:52:17	[ERROR]	In root	[PARSER] Data length ERROR
06-Mar-25 15:52:18	[ERROR]	In root	[PARSER] Data length ERROR
06-Mar-25 15:52:19	[ERROR]	In root	[PARSER] Data length ERROR
06-Mar-25 15:52:20	[ERROR]	In root	[PARSER] Data length ERROR
06-Mar-25 15:52:21	[ERROR]	In root	[PARSER] Data length ERROR
06-Mar-25 15:52:22	[ERROR]	In root	[PARSER] Data length ERROR
06-Mar-25 15:52:23	[ERROR]	In root	[PARSER] Data length ERROR
06-Mar-25 15:52:25	[ERROR]	In root	[PARSER] Data length ERROR
06-Mar-25 15:52:26	[ERROR]	In root	[PARSER] Data length ERROR
06-Mar-25 15:52:27	[ERROR]	In root	[PARSER] Data length ERROR
06-Mar-25 15:52:28	[ERROR]	In root	[PARSER] Data length ERROR
06-Mar-25 15:52:29	[ERROR]	In root	[PARSER] Data length ERROR
06-Mar-25 15:52:30	[ERROR]	In root	[PARSER] Data length ERROR
06-Mar-25 15:52:31	[ERROR]	In root	[PARSER] Data length ERROR
06-Mar-25 15:52:32	[ERROR]	In root	[PARSER] Data length ERROR
06-Mar-25 15:52:33	[ERROR]	In root	[PARSER] Data length ERROR
06-Mar-25 15:52:34	[ERROR]	In root	[PARSER] Data length ERROR
06-Mar-25 15:52:35	[ERROR]	In root	[PARSER] Data length ERROR
06-Mar-25 15:52:37	[ERROR]	In root	[PARSER] Data length ERROR
06-Mar-25 15:52:38	[ERROR]	In root	[PARSER] Data length ERROR
06-Mar-25 15:52:39	[ERROR]	In root	[PARSER] Data length ERROR
06-Mar-25 15:52:40	[ERROR]	In root	[PARSER] Data length ERROR
06-Mar-25 15:52:41	[ERROR]	In root	[PARSER] Data length ERROR
06-Mar-25 15:52:42	[ERROR]	In root	[PARSER] Data length ERROR
06-Mar-25 15:52:43	[ERROR]	In root	[PARSER] Data length ERROR
06-Mar-25 15:52:44	[ERROR]	In root	[PARSER] Data length ERROR
06-Mar-25 15:52:45	[ERROR]	In root	[PARSER] Data length ERROR
06-Mar-25 15:52:46	[ERROR]	In root	[PARSER] Data length ERROR
06-Mar-25 15:52:47	[ERROR]	In root	[PARSER] Data length ERROR
06-Mar-25 15:52:49	[ERROR]	In root	[PARSER] Data length ERROR
06-Mar-25 15:52:50	[ERROR]	In root	[PARSER] Data length ERROR
06-Mar-25 15:52:51	[ERROR]	In root	[PARSER] Data length ERROR
06-Mar-25 15:52:52	[ERROR]	In root	[PARSER] Data length ERROR
06-Mar-25 15:52:53	[ERROR]	In root	[PARSER] Data length ERROR
06-Mar-25 15:52:54	[ERROR]	In root	[PARSER] Data length ERROR
06-Mar-25 15:52:55	[ERROR]	In root	[PARSER] Data length ERROR
06-Mar-25 15:52:56	[ERROR]	In root	[PARSER] Data length ERROR
06-Mar-25 15:52:57	[ERROR]	In root	[PARSER] Data length ERROR
06-Mar-25 15:52:58	[ERROR]	In root	[PARSER] Data length ERROR
06-Mar-25 15:53:00	[ERROR]	In root	[PARSER] Data length ERROR
06-Mar-25 15:53:01	[ERROR]	In root	[PARSER] Data length ERROR
06-Mar-25 15:53:02	[ERROR]	In root	[PARSER] Data length ERROR
06-Mar-25 15:53:03	[ERROR]	In root	[PARSER] Data length ERROR
06-Mar-25 15:53:04	[ERROR]	In root	[PARSER] Data length ERROR
06-Mar-25 15:53:05	[ERROR]	In root	[PARSER] Data length ERROR
06-Mar-25 15:53:06	[ERROR]	In root	[PARSER] Data length ERROR
06-Mar-25 15:53:07	[ERROR]	In root	[PARSER] Data length ERROR
06-Mar-25 15:53:08	[ERROR]	In root	[PARSER] Data length ERROR
06-Mar-25 15:53:09	[ERROR]	In root	[PARSER] Data length ERROR
06-Mar-25 15:53:10	[ERROR]	In root	[PARSER] Data length ERROR
06-Mar-25 15:53:12	[ERROR]	In root	[PARSER] Data length ERROR
06-Mar-25 15:53:13	[ERROR]	In root	[PARSER] Data length ERROR
06-Mar-25 15:53:14	[ERROR]	In root	[PARSER] Data length ERROR
06-Mar-25 15:53:15	[ERROR]	In root	[PARSER] Data length ERROR
06-Mar-25 15:53:16	[ERROR]	In root	[PARSER] Data length ERROR
06-Mar-25 15:53:18	[ERROR]	In root	[PARSER] Data length ERROR
06-Mar-25 15:53:19	[ERROR]	In root	[PARSER] Data length ERROR
06-Mar-25 15:53:20	[ERROR]	In root	[PARSER] Data length ERROR
06-Mar-25 15:53:21	[ERROR]	In root	[PARSER] Data length ERROR
06-Mar-25 15:53:22	[ERROR]	In root	[PARSER] Data length ERROR
06-Mar-25 15:53:23	[ERROR]	In root	[PARSER] Data length ERROR
06-Mar-25 15:53:24	[ERROR]	In root	[PARSER] Data length ERROR
06-Mar-25 15:53:25	[ERROR]	In root	[PARSER] Data length ERROR
06-Mar-25 15:53:26	[ERROR]	In root	[PARSER] Data length ERROR
06-Mar-25 15:53:27	[ERROR]	In root	[PARSER] Data length ERROR
06-Mar-25 15:53:29	[ERROR]	In root	[PARSER] Data length ERROR
06-Mar-25 15:53:30	[ERROR]	In root	[PARSER] Data length ERROR
06-Mar-25 15:53:31	[ERROR]	In root	[PARSER] Data length ERROR
06-Mar-25 15:53:32	[ERROR]	In root	[PARSER] Data length ERROR
06-Mar-25 15:53:33	[ERROR]	In root	[PARSER] Data length ERROR
06-Mar-25 15:53:34	[ERROR]	In root	[PARSER] Data length ERROR
06-Mar-25 15:53:35	[ERROR]	In root	[PARSER] Data length ERROR
06-Mar-25 15:53:36	[ERROR]	In root	[PARSER] Data length ERROR
06-Mar-25 15:53:37	[ERROR]	In root	[PARSER] Data length ERROR
06-Mar-25 15:53:38	[ERROR]	In root	[PARSER] Data length ERROR
06-Mar-25 15:53:39	[ERROR]	In root	[PARSER] Data length ERROR
06-Mar-25 15:53:41	[ERROR]	In root	[PARSER] Data length ERROR
06-Mar-25 15:53:42	[ERROR]	In root	[PARSER] Data length ERROR
06-Mar-25 15:53:43	[ERROR]	In root	[PARSER] Data length ERROR
06-Mar-25 15:53:44	[ERROR]	In root	[PARSER] Data length ERROR
06-Mar-25 15:53:45	[ERROR]	In root	[PARSER] Data length ERROR
06-Mar-25 15:53:46	[ERROR]	In root	[PARSER] Data length ERROR
06-Mar-25 15:53:47	[ERROR]	In root	[PARSER] Data length ERROR
06-Mar-25 15:53:48	[ERROR]	In root	[PARSER] Data length ERROR
06-Mar-25 15:53:49	[ERROR]	In root	[PARSER] Data length ERROR
06-Mar-25 15:53:50	[ERROR]	In root	[PARSER] Data length ERROR
06-Mar-25 15:53:52	[ERROR]	In root	[PARSER] Data length ERROR
06-Mar-25 15:53:53	[ERROR]	In root	[PARSER] Data length ERROR
06-Mar-25 15:53:54	[ERROR]	In root	[PARSER] Data length ERROR
06-Mar-25 15:53:55	[ERROR]	In root	[PARSER] Data length ERROR
06-Mar-25 15:53:56	[ERROR]	In root	[PARSER] Data length ERROR
06-Mar-25 15:53:56	[INFO]	In root	[THREAD_SERIAL] Thread is stopped and destroyed!
06-Mar-25 15:53:56	[INFO]	In root	[THREAD_FILE] File writer thread task stopped.
06-Mar-25 15:53:56	[INFO]	In root	[THREAD_FILE] File writer thread task stopped.
06-Mar-25 15:53:56	[INFO]	In root	[THREAD_FILE] Thread is stopped and destroyed!
06-Mar-25 15:53:56	[INFO]	In root	[LOG_SERIAL] "COM10" has been successfully closed!
06-Mar-25 15:54:13	[INFO]	In root	[LOG_SERIAL] Device "COM10" is successfully connected with baud rate 115200.
06-Mar-25 15:54:13	[INFO]	In root	[THREAD_SERIAL] Thread is started!
06-Mar-25 15:54:13	[INFO]	In root	[THREAD_SERIAL] Thread is started!
06-Mar-25 15:54:13	[INFO]	In root	[THREAD_FILE] File writer thread task started.
06-Mar-25 15:54:13	[INFO]	In root	[THREAD_FILE] Thread is started!
06-Mar-25 15:54:13	[INFO]	In root	[THREAD_FILE] File writer thread task started.
06-Mar-25 15:54:13	[INFO]	In root	[THREAD_FILE] Thread is started!
06-Mar-25 15:54:13	[INFO]	In root	[TELEMETRY_BROADCAST] Telemetry broadcast thread started.
06-Mar-25 15:54:15	[ERROR]	In root	[PARSER] Data length ERROR
06-Mar-25 15:54:16	[ERROR]	In root	[PARSER] Data length ERROR
06-Mar-25 15:54:18	[ERROR]	In root	[PARSER] Data length ERROR
06-Mar-25 15:54:18	[ERROR]	In root	[PARSER] Data length ERROR
06-Mar-25 15:54:19	[ERROR]	In root	[PARSER] Data length ERROR
06-Mar-25 15:54:20	[ERROR]	In root	[PARSER] Data length ERROR
06-Mar-25 15:54:21	[ERROR]	In root	[PARSER] Data length ERROR
06-Mar-25 15:54:23	[ERROR]	In root	[PARSER] Data length ERROR
06-Mar-25 15:54:24	[ERROR]	In root	[PARSER] Data length ERROR
06-Mar-25 15:54:25	[ERROR]	In root	[PARSER] Data length ERROR
06-Mar-25 15:54:26	[ERROR]	In root	[PARSER] Data length ERROR
06-Mar-25 15:54:27	[ERROR]	In root	[PARSER] Data length ERROR
06-Mar-25 15:54:28	[ERROR]	In root	[PARSER] Data length ERROR
06-Mar-25 15:54:30	[ERROR]	In root	[PARSER] Data length ERROR
06-Mar-25 15:54:31	[ERROR]	In root	[PARSER] Data length ERROR
06-Mar-25 15:54:32	[ERROR]	In root	[PARSER] Data length ERROR
06-Mar-25 15:54:33	[ERROR]	In root	[PARSER] Data length ERROR
06-Mar-25 15:54:34	[ERROR]	In root	[PARSER] Data length ERROR
06-Mar-25 15:54:35	[ERROR]	In root	[PARSER] Data length ERROR
06-Mar-25 15:54:36	[ERROR]	In root	[PARSER] Data length ERROR
06-Mar-25 15:54:38	[ERROR]	In root	[PARSER] Data length ERROR
06-Mar-25 15:54:39	[ERROR]	In root	[PARSER] Data length ERROR
06-Mar-25 15:54:40	[ERROR]	In root	[PARSER] Data length ERROR
06-Mar-25 15:54:41	[ERROR]	In root	[PARSER] Data length ERROR
06-Mar-25 15:54:42	[ERROR]	In root	[PARSER] Data length ERROR
06-Mar-25 15:54:43	[ERROR]	In root	[PARSER] Data length ERROR
06-Mar-25 15:54:45	[ERROR]	In root	[PARSER] Data length ERROR
06-Mar-25 15:54:46	[ERROR]	In root	[PARSER] Data length ERROR
06-Mar-25 15:54:47	[ERROR]	In root	[PARSER] Data length ERROR
06-Mar-25 15:54:48	[ERROR]	In root	[PARSER] Data length ERROR
06-Mar-25 15:54:49	[ERROR]	In root	[PARSER] Data length ERROR
06-Mar-25 15:54:50	[ERROR]	In root	[PARSER] Data length ERROR
06-Mar-25 15:54:51	[ERROR]	In root	[PARSER] Data length ERROR
06-Mar-25 15:54:53	[ERROR]	In root	[PARSER] Data length ERROR
06-Mar-25 15:54:54	[ERROR]	In root	[PARSER] Data length ERROR
06-Mar-25 15:54:55	[ERROR]	In root	[PARSER] Data length ERROR
06-Mar-25 15:54:56	[ERROR]	In root	[PARSER] Data length ERROR
06-Mar-25 15:54:57	[ERROR]	In root	[PARSER] Data length ERROR
06-Mar-25 15:54:58	[ERROR]	In root	[PARSER] Data length ERROR
06-Mar-25 15:55:00	[ERROR]	In root	[PARSER] Data length ERROR
06-Mar-25 15:55:01	[ERROR]	In root	[PARSER] Data length ERROR
06-Mar-25 15:55:02	[ERROR]	In root	[PARSER] Data length ERROR
06-Mar-25 15:55:03	[ERROR]	In root	[PARSER] Data length ERROR
06-Mar-25 15:55:04	[ERROR]	In root	[PARSER] Data length ERROR
06-Mar-25 15:55:05	[ERROR]	In root	[PARSER] Data length ERROR
06-Mar-25 15:55:06	[ERROR]	In root	[PARSER] Data length ERROR
06-Mar-25 15:55:08	[ERROR]	In root	[PARSER] Data length ERROR
06-Mar-25 15:55:09	[ERROR]	In root	[PARSER] Data length ERROR
06-Mar-25 15:55:10	[ERROR]	In root	[PARSER] Data length ERROR
06-Mar-25 15:55:11	[ERROR]	In root	[PARSER] Data length ERROR
06-Mar-25 15:55:12	[ERROR]	In root	[PARSER] Data length ERROR
06-Mar-25 15:55:13	[ERROR]	In root	[PARSER] Data length ERROR
06-Mar-25 15:55:15	[ERROR]	In root	[PARSER] Data length ERROR
06-Mar-25 15:55:16	[ERROR]	In root	[PARSER] Data length ERROR
06-Mar-25 15:55:17	[ERROR]	In root	[PARSER] Data length ERROR
06-Mar-25 15:55:18	[ERROR]	In root	[PARSER] Data length ERROR
06-Mar-25 15:55:19	[ERROR]	In root	[PARSER] Data length ERROR
06-Mar-25 15:55:20	[ERROR]	In root	[PARSER] Data length ERROR
06-Mar-25 15:55:21	[ERROR]	In root	[PARSER] Data length ERROR
06-Mar-25 15:55:23	[ERROR]	In root	[PARSER] Data length ERROR
06-Mar-25 15:55:24	[ERROR]	In root	[PARSER] Data length ERROR
06-Mar-25 15:55:25	[ERROR]	In root	[PARSER] Data length ERROR
06-Mar-25 15:55:26	[ERROR]	In root	[PARSER] Data length ERROR
06-Mar-25 15:55:27	[ERROR]	In root	[PARSER] Data length ERROR
06-Mar-25 15:55:28	[ERROR]	In root	[PARSER] Data length ERROR
06-Mar-25 15:56:40	[WARNING]	In root	[GCS] Ground Control Station Initialized
06-Mar-25 15:56:41	[WARNING]	In root	[GCS] Ground Control Station Initialized
06-Mar-25 15:56:51	[CRITICAL]	In root	[LOG_SERIAL] The port has not been initialized.
06-Mar-25 15:56:53	[INFO]	In root	[LOG_SERIAL] Device "COM10" is successfully connected with baud rate 115200.
06-Mar-25 15:56:53	[INFO]	In root	[THREAD_SERIAL] Thread is started!
06-Mar-25 15:56:53	[INFO]	In root	[THREAD_SERIAL] Thread is started!
06-Mar-25 15:56:53	[INFO]	In root	[THREAD_FILE] File writer thread task started.
06-Mar-25 15:56:53	[INFO]	In root	[THREAD_FILE] Thread is started!
06-Mar-25 15:56:53	[INFO]	In root	[THREAD_FILE] File writer thread task started.
06-Mar-25 15:56:53	[INFO]	In root	[THREAD_FILE] Thread is started!
06-Mar-25 15:56:53	[INFO]	In root	[TELEMETRY_BROADCAST] Telemetry broadcast thread started.
06-Mar-25 15:56:54	[ERROR]	In root	[PARSER] Data length ERROR
06-Mar-25 15:56:55	[ERROR]	In root	[PARSER] Data length ERROR
06-Mar-25 15:56:56	[ERROR]	In root	[PARSER] Data length ERROR
06-Mar-25 15:56:58	[ERROR]	In root	[PARSER] Data length ERROR
06-Mar-25 15:56:59	[ERROR]	In root	[PARSER] Data length ERROR
06-Mar-25 15:57:00	[ERROR]	In root	[PARSER] Data length ERROR
06-Mar-25 15:57:01	[ERROR]	In root	[PARSER] Data length ERROR
06-Mar-25 15:57:02	[ERROR]	In root	[PARSER] Data length ERROR
06-Mar-25 15:57:04	[ERROR]	In root	[PARSER] Data length ERROR
06-Mar-25 15:57:05	[ERROR]	In root	[PARSER] Data length ERROR
06-Mar-25 15:57:06	[ERROR]	In root	[PARSER] Data length ERROR
06-Mar-25 15:57:07	[ERROR]	In root	[PARSER] Data length ERROR
06-Mar-25 15:57:08	[ERROR]	In root	[PARSER] Data length ERROR
06-Mar-25 15:57:09	[ERROR]	In root	[PARSER] Data length ERROR
06-Mar-25 15:57:10	[ERROR]	In root	[PARSER] Data length ERROR
06-Mar-25 15:57:11	[ERROR]	In root	[PARSER] Data length ERROR
06-Mar-25 15:57:13	[ERROR]	In root	[PARSER] Data length ERROR
06-Mar-25 15:57:14	[ERROR]	In root	[PARSER] Data length ERROR
06-Mar-25 15:57:15	[ERROR]	In root	[PARSER] Data length ERROR
06-Mar-25 15:57:16	[ERROR]	In root	[PARSER] Data length ERROR
06-Mar-25 15:57:17	[ERROR]	In root	[PARSER] Data length ERROR
06-Mar-25 15:57:18	[ERROR]	In root	[PARSER] Data length ERROR
06-Mar-25 15:57:20	[ERROR]	In root	[PARSER] Data length ERROR
06-Mar-25 15:57:21	[ERROR]	In root	[PARSER] Data length ERROR
06-Mar-25 15:57:22	[ERROR]	In root	[PARSER] Data length ERROR
06-Mar-25 15:57:23	[ERROR]	In root	[PARSER] Data length ERROR
06-Mar-25 15:57:24	[ERROR]	In root	[PARSER] Data length ERROR
06-Mar-25 15:57:25	[ERROR]	In root	[PARSER] Data length ERROR
06-Mar-25 15:57:26	[ERROR]	In root	[PARSER] Data length ERROR
06-Mar-25 15:57:28	[ERROR]	In root	[PARSER] Data length ERROR
06-Mar-25 15:57:29	[ERROR]	In root	[PARSER] Data length ERROR
06-Mar-25 15:57:30	[ERROR]	In root	[PARSER] Data length ERROR
06-Mar-25 15:57:31	[ERROR]	In root	[PARSER] Data length ERROR
06-Mar-25 15:57:32	[ERROR]	In root	[PARSER] Data length ERROR
06-Mar-25 15:57:33	[ERROR]	In root	[PARSER] Data length ERROR
06-Mar-25 15:57:35	[ERROR]	In root	[PARSER] Data length ERROR
06-Mar-25 15:57:36	[ERROR]	In root	[PARSER] Data length ERROR
06-Mar-25 15:57:37	[ERROR]	In root	[PARSER] Data length ERROR
06-Mar-25 15:57:38	[ERROR]	In root	[PARSER] Data length ERROR
06-Mar-25 15:57:39	[ERROR]	In root	[PARSER] Data length ERROR
06-Mar-25 15:57:40	[ERROR]	In root	[PARSER] Data length ERROR
06-Mar-25 15:57:41	[ERROR]	In root	[PARSER] Data length ERROR
06-Mar-25 15:57:43	[ERROR]	In root	[PARSER] Data length ERROR
06-Mar-25 15:57:44	[ERROR]	In root	[PARSER] Data length ERROR
06-Mar-25 15:57:45	[ERROR]	In root	[PARSER] Data length ERROR
06-Mar-25 15:57:46	[ERROR]	In root	[PARSER] Data length ERROR
06-Mar-25 15:57:47	[ERROR]	In root	[PARSER] Data length ERROR
06-Mar-25 15:57:48	[ERROR]	In root	[PARSER] Data length ERROR
06-Mar-25 15:57:50	[ERROR]	In root	[PARSER] Data length ERROR
06-Mar-25 15:57:51	[ERROR]	In root	[PARSER] Data length ERROR
06-Mar-25 15:57:52	[ERROR]	In root	[PARSER] Data length ERROR
06-Mar-25 15:57:53	[ERROR]	In root	[PARSER] Data length ERROR
06-Mar-25 15:57:54	[ERROR]	In root	[PARSER] Data length ERROR
06-Mar-25 15:57:55	[ERROR]	In root	[PARSER] Data length ERROR
06-Mar-25 15:57:56	[ERROR]	In root	[PARSER] Data length ERROR
06-Mar-25 15:57:58	[ERROR]	In root	[PARSER] Data length ERROR
06-Mar-25 15:57:59	[ERROR]	In root	[PARSER] Data length ERROR
06-Mar-25 15:58:00	[ERROR]	In root	[PARSER] Data length ERROR
06-Mar-25 15:58:52	[WARNING]	In root	[GCS] Ground Control Station Initialized
06-Mar-25 15:58:52	[WARNING]	In root	[GCS] Ground Control Station Initialized
06-Mar-25 15:58:54	[CRITICAL]	In root	[LOG_SERIAL] The port has not been initialized.
06-Mar-25 15:58:55	[INFO]	In root	[LOG_SERIAL] Device "COM10" is successfully connected with baud rate 115200.
06-Mar-25 15:58:55	[INFO]	In root	[THREAD_SERIAL] Thread is started!
06-Mar-25 15:58:55	[INFO]	In root	[THREAD_SERIAL] Thread is started!
06-Mar-25 15:58:55	[INFO]	In root	[THREAD_FILE] File writer thread task started.
06-Mar-25 15:58:55	[INFO]	In root	[THREAD_FILE] Thread is started!
06-Mar-25 15:58:55	[INFO]	In root	[THREAD_FILE] File writer thread task started.
06-Mar-25 15:58:55	[INFO]	In root	[THREAD_FILE] Thread is started!
06-Mar-25 15:58:55	[INFO]	In root	[TELEMETRY_BROADCAST] Telemetry broadcast thread started.
06-Mar-25 15:58:56	[ERROR]	In root	[PARSER] Data length ERROR
06-Mar-25 15:58:58	[ERROR]	In root	[PARSER] Data length ERROR
06-Mar-25 15:58:59	[ERROR]	In root	[PARSER] Data length ERROR
06-Mar-25 15:59:00	[ERROR]	In root	[PARSER] Data length ERROR
06-Mar-25 15:59:01	[ERROR]	In root	[PARSER] Data length ERROR
06-Mar-25 15:59:02	[ERROR]	In root	[PARSER] Data length ERROR
06-Mar-25 15:59:03	[ERROR]	In root	[PARSER] Data length ERROR
06-Mar-25 15:59:04	[ERROR]	In root	[PARSER] Data length ERROR
06-Mar-25 15:59:05	[ERROR]	In root	[PARSER] Data length ERROR
06-Mar-25 15:59:07	[ERROR]	In root	[PARSER] Data length ERROR
06-Mar-25 15:59:08	[ERROR]	In root	[PARSER] Data length ERROR
06-Mar-25 15:59:09	[ERROR]	In root	[PARSER] Data length ERROR
06-Mar-25 15:59:10	[ERROR]	In root	[PARSER] Data length ERROR
06-Mar-25 15:59:11	[ERROR]	In root	[PARSER] Data length ERROR
06-Mar-25 15:59:12	[ERROR]	In root	[PARSER] Data length ERROR
06-Mar-25 15:59:13	[ERROR]	In root	[PARSER] Data length ERROR
06-Mar-25 15:59:15	[ERROR]	In root	[PARSER] Data length ERROR
06-Mar-25 15:59:16	[ERROR]	In root	[PARSER] Data length ERROR
06-Mar-25 15:59:17	[ERROR]	In root	[PARSER] Data length ERROR
06-Mar-25 15:59:18	[ERROR]	In root	[PARSER] Data length ERROR
06-Mar-25 15:59:19	[ERROR]	In root	[PARSER] Data length ERROR
06-Mar-25 15:59:20	[ERROR]	In root	[PARSER] Data length ERROR
06-Mar-25 15:59:22	[ERROR]	In root	[PARSER] Data length ERROR
06-Mar-25 15:59:23	[ERROR]	In root	[PARSER] Data length ERROR
06-Mar-25 15:59:24	[ERROR]	In root	[PARSER] Data length ERROR
06-Mar-25 15:59:25	[ERROR]	In root	[PARSER] Data length ERROR
06-Mar-25 15:59:26	[ERROR]	In root	[PARSER] Data length ERROR
06-Mar-25 15:59:27	[ERROR]	In root	[PARSER] Data length ERROR
06-Mar-25 15:59:29	[ERROR]	In root	[PARSER] Data length ERROR
06-Mar-25 15:59:30	[ERROR]	In root	[PARSER] Data length ERROR
06-Mar-25 15:59:31	[ERROR]	In root	[PARSER] Data length ERROR
06-Mar-25 15:59:32	[ERROR]	In root	[PARSER] Data length ERROR
06-Mar-25 15:59:33	[ERROR]	In root	[PARSER] Data length ERROR
06-Mar-25 15:59:34	[ERROR]	In root	[PARSER] Data length ERROR
06-Mar-25 15:59:35	[ERROR]	In root	[PARSER] Data length ERROR
06-Mar-25 16:05:48	[WARNING]	In root	[GCS] Ground Control Station Initialized
06-Mar-25 16:05:49	[WARNING]	In root	[GCS] Ground Control Station Initialized
06-Mar-25 16:05:50	[CRITICAL]	In root	[LOG_SERIAL] The port has not been initialized.
06-Mar-25 16:05:51	[INFO]	In root	[LOG_SERIAL] Device "COM10" is successfully connected with baud rate 115200.
06-Mar-25 16:05:51	[INFO]	In root	[THREAD_SERIAL] Thread is started!
06-Mar-25 16:05:51	[INFO]	In root	[THREAD_SERIAL] Thread is started!
06-Mar-25 16:05:51	[INFO]	In root	[THREAD_FILE] File writer thread task started.
06-Mar-25 16:05:51	[INFO]	In root	[THREAD_FILE] Thread is started!
06-Mar-25 16:05:51	[INFO]	In root	[THREAD_FILE] File writer thread task started.
06-Mar-25 16:05:51	[INFO]	In root	[THREAD_FILE] Thread is started!
06-Mar-25 16:05:51	[INFO]	In root	[TELEMETRY_BROADCAST] Telemetry broadcast thread started.
06-Mar-25 16:05:53	[ERROR]	In root	[PARSER] Data length ERROR
06-Mar-25 16:05:54	[ERROR]	In root	[PARSER] Data length ERROR
06-Mar-25 16:05:55	[ERROR]	In root	[PARSER] Data length ERROR
06-Mar-25 16:05:56	[ERROR]	In root	[PARSER] Data length ERROR
06-Mar-25 16:05:57	[ERROR]	In root	[PARSER] Data length ERROR
06-Mar-25 16:05:58	[ERROR]	In root	[PARSER] Data length ERROR
06-Mar-25 16:05:59	[ERROR]	In root	[PARSER] Data length ERROR
06-Mar-25 16:06:00	[ERROR]	In root	[PARSER] Data length ERROR
06-Mar-25 16:06:02	[ERROR]	In root	[PARSER] Data length ERROR
06-Mar-25 16:06:03	[ERROR]	In root	[PARSER] Data length ERROR
06-Mar-25 16:06:04	[ERROR]	In root	[PARSER] Data length ERROR
06-Mar-25 16:06:05	[ERROR]	In root	[PARSER] Data length ERROR
06-Mar-25 16:06:06	[ERROR]	In root	[PARSER] Data length ERROR
06-Mar-25 16:06:07	[ERROR]	In root	[PARSER] Data length ERROR
06-Mar-25 16:06:09	[ERROR]	In root	[PARSER] Data length ERROR
06-Mar-25 16:06:10	[ERROR]	In root	[PARSER] Data length ERROR
06-Mar-25 16:06:11	[ERROR]	In root	[PARSER] Data length ERROR
06-Mar-25 16:06:12	[ERROR]	In root	[PARSER] Data length ERROR
06-Mar-25 16:06:13	[ERROR]	In root	[PARSER] Data length ERROR
06-Mar-25 16:06:14	[ERROR]	In root	[PARSER] Data length ERROR
06-Mar-25 16:06:16	[ERROR]	In root	[PARSER] Data length ERROR
06-Mar-25 16:06:17	[ERROR]	In root	[PARSER] Data length ERROR
06-Mar-25 16:06:18	[ERROR]	In root	[PARSER] Data length ERROR
06-Mar-25 16:06:19	[ERROR]	In root	[PARSER] Data length ERROR
06-Mar-25 16:06:20	[ERROR]	In root	[PARSER] Data length ERROR
06-Mar-25 16:06:21	[ERROR]	In root	[PARSER] Data length ERROR
06-Mar-25 16:06:22	[ERROR]	In root	[PARSER] Data length ERROR
06-Mar-25 16:06:24	[ERROR]	In root	[PARSER] Data length ERROR
06-Mar-25 16:06:25	[ERROR]	In root	[PARSER] Data length ERROR
06-Mar-25 16:06:26	[ERROR]	In root	[PARSER] Data length ERROR
06-Mar-25 16:06:27	[ERROR]	In root	[PARSER] Data length ERROR
06-Mar-25 16:06:28	[ERROR]	In root	[PARSER] Data length ERROR
06-Mar-25 16:06:29	[ERROR]	In root	[PARSER] Data length ERROR
06-Mar-25 16:06:31	[ERROR]	In root	[PARSER] Data length ERROR
06-Mar-25 16:06:32	[ERROR]	In root	[PARSER] Data length ERROR
06-Mar-25 16:06:33	[ERROR]	In root	[PARSER] Data length ERROR
06-Mar-25 16:06:34	[ERROR]	In root	[PARSER] Data length ERROR
06-Mar-25 16:06:35	[ERROR]	In root	[PARSER] Data length ERROR
06-Mar-25 16:06:36	[ERROR]	In root	[PARSER] Data length ERROR
06-Mar-25 16:06:37	[ERROR]	In root	[PARSER] Data length ERROR
06-Mar-25 16:06:39	[ERROR]	In root	[PARSER] Data length ERROR
06-Mar-25 16:06:40	[ERROR]	In root	[PARSER] Data length ERROR
06-Mar-25 16:06:41	[ERROR]	In root	[PARSER] Data length ERROR
06-Mar-25 16:06:42	[ERROR]	In root	[PARSER] Data length ERROR
06-Mar-25 16:06:43	[ERROR]	In root	[PARSER] Data length ERROR
06-Mar-25 16:06:44	[ERROR]	In root	[PARSER] Data length ERROR
06-Mar-25 16:06:46	[ERROR]	In root	[PARSER] Data length ERROR
06-Mar-25 16:06:47	[ERROR]	In root	[PARSER] Data length ERROR
06-Mar-25 16:06:48	[ERROR]	In root	[PARSER] Data length ERROR
06-Mar-25 16:06:49	[ERROR]	In root	[PARSER] Data length ERROR
06-Mar-25 16:06:50	[ERROR]	In root	[PARSER] Data length ERROR
06-Mar-25 16:06:51	[ERROR]	In root	[PARSER] Data length ERROR
06-Mar-25 16:06:52	[ERROR]	In root	[PARSER] Data length ERROR
06-Mar-25 16:06:54	[ERROR]	In root	[PARSER] Data length ERROR
06-Mar-25 16:06:55	[ERROR]	In root	[PARSER] Data length ERROR
06-Mar-25 16:06:56	[ERROR]	In root	[PARSER] Data length ERROR
06-Mar-25 16:06:57	[ERROR]	In root	[PARSER] Data length ERROR
06-Mar-25 16:06:58	[ERROR]	In root	[PARSER] Data length ERROR
06-Mar-25 16:06:59	[ERROR]	In root	[PARSER] Data length ERROR
06-Mar-25 16:07:00	[ERROR]	In root	[PARSER] Data length ERROR
06-Mar-25 16:07:02	[ERROR]	In root	[PARSER] Data length ERROR
06-Mar-25 16:07:03	[ERROR]	In root	[PARSER] Data length ERROR
06-Mar-25 16:07:04	[ERROR]	In root	[PARSER] Data length ERROR
06-Mar-25 16:07:05	[ERROR]	In root	[PARSER] Data length ERROR
06-Mar-25 16:07:06	[ERROR]	In root	[PARSER] Data length ERROR
06-Mar-25 16:07:07	[ERROR]	In root	[PARSER] Data length ERROR
06-Mar-25 16:07:09	[ERROR]	In root	[PARSER] Data length ERROR
06-Mar-25 16:07:10	[ERROR]	In root	[PARSER] Data length ERROR
06-Mar-25 16:07:11	[ERROR]	In root	[PARSER] Data length ERROR
06-Mar-25 16:07:12	[ERROR]	In root	[PARSER] Data length ERROR
06-Mar-25 16:07:13	[ERROR]	In root	[PARSER] Data length ERROR
06-Mar-25 16:07:14	[ERROR]	In root	[PARSER] Data length ERROR
06-Mar-25 16:07:15	[ERROR]	In root	[PARSER] Data length ERROR
06-Mar-25 16:07:17	[ERROR]	In root	[PARSER] Data length ERROR
06-Mar-25 16:07:18	[ERROR]	In root	[PARSER] Data length ERROR
06-Mar-25 16:07:19	[ERROR]	In root	[PARSER] Data length ERROR
06-Mar-25 16:07:20	[ERROR]	In root	[PARSER] Data length ERROR
06-Mar-25 16:07:21	[ERROR]	In root	[PARSER] Data length ERROR
06-Mar-25 16:07:22	[ERROR]	In root	[PARSER] Data length ERROR
06-Mar-25 16:07:24	[ERROR]	In root	[PARSER] Data length ERROR
06-Mar-25 16:07:25	[ERROR]	In root	[PARSER] Data length ERROR
06-Mar-25 16:07:26	[ERROR]	In root	[PARSER] Data length ERROR
06-Mar-25 16:07:27	[ERROR]	In root	[PARSER] Data length ERROR
06-Mar-25 16:07:28	[ERROR]	In root	[PARSER] Data length ERROR
06-Mar-25 16:07:29	[ERROR]	In root	[PARSER] Data length ERROR
06-Mar-25 16:07:30	[ERROR]	In root	[PARSER] Data length ERROR
06-Mar-25 16:07:32	[ERROR]	In root	[PARSER] Data length ERROR
06-Mar-25 16:07:33	[ERROR]	In root	[PARSER] Data length ERROR
06-Mar-25 16:07:34	[ERROR]	In root	[PARSER] Data length ERROR
06-Mar-25 16:07:35	[ERROR]	In root	[PARSER] Data length ERROR
06-Mar-25 16:07:36	[ERROR]	In root	[PARSER] Data length ERROR
06-Mar-25 16:07:37	[ERROR]	In root	[PARSER] Data length ERROR
06-Mar-25 16:07:39	[ERROR]	In root	[PARSER] Data length ERROR
06-Mar-25 16:07:40	[ERROR]	In root	[PARSER] Data length ERROR
06-Mar-25 16:07:40	[INFO]	In root	[THREAD_SERIAL] Thread is stopped and destroyed!
06-Mar-25 16:07:40	[INFO]	In root	[THREAD_FILE] File writer thread task stopped.
06-Mar-25 16:07:40	[INFO]	In root	[THREAD_FILE] Thread is stopped and destroyed!
06-Mar-25 16:07:40	[INFO]	In root	[THREAD_FILE] File writer thread task stopped.
06-Mar-25 16:07:40	[INFO]	In root	[LOG_SERIAL] "COM10" has been successfully closed!
06-Mar-25 16:08:25	[INFO]	In root	[LOG_SERIAL] Device "COM10" is successfully connected with baud rate 115200.
06-Mar-25 16:08:25	[INFO]	In root	[THREAD_SERIAL] Thread is started!
06-Mar-25 16:08:25	[INFO]	In root	[THREAD_SERIAL] Thread is started!
06-Mar-25 16:08:25	[INFO]	In root	[THREAD_FILE] File writer thread task started.
06-Mar-25 16:08:25	[INFO]	In root	[THREAD_FILE] Thread is started!
06-Mar-25 16:08:25	[INFO]	In root	[THREAD_FILE] File writer thread task started.
06-Mar-25 16:08:25	[INFO]	In root	[THREAD_FILE] Thread is started!
06-Mar-25 16:08:25	[INFO]	In root	[TELEMETRY_BROADCAST] Telemetry broadcast thread started.
06-Mar-25 16:08:27	[ERROR]	In root	[PARSER] Data length ERROR
06-Mar-25 16:08:28	[ERROR]	In root	[PARSER] Data length ERROR
06-Mar-25 16:08:29	[ERROR]	In root	[PARSER] Data length ERROR
06-Mar-25 16:08:30	[ERROR]	In root	[PARSER] Data length ERROR
06-Mar-25 16:08:32	[ERROR]	In root	[PARSER] Data length ERROR
06-Mar-25 16:08:33	[ERROR]	In root	[PARSER] Data length ERROR
06-Mar-25 16:08:34	[ERROR]	In root	[PARSER] Data length ERROR
06-Mar-25 16:08:35	[INFO]	In root	[THREAD_SERIAL] Thread is stopped and destroyed!
06-Mar-25 16:08:35	[INFO]	In root	[THREAD_FILE] File writer thread task stopped.
06-Mar-25 16:08:35	[INFO]	In root	[THREAD_FILE] File writer thread task stopped.
06-Mar-25 16:08:35	[INFO]	In root	[THREAD_FILE] Thread is stopped and destroyed!
06-Mar-25 16:08:35	[INFO]	In root	[LOG_SERIAL] "COM10" has been successfully closed!
06-Mar-25 16:11:47	[INFO]	In root	[LOG_SERIAL] Device "COM10" is successfully connected with baud rate 115200.
06-Mar-25 16:11:47	[INFO]	In root	[THREAD_SERIAL] Thread is started!
06-Mar-25 16:11:47	[INFO]	In root	[THREAD_SERIAL] Thread is started!
06-Mar-25 16:11:47	[INFO]	In root	[THREAD_FILE] File writer thread task started.
06-Mar-25 16:11:47	[INFO]	In root	[THREAD_FILE] Thread is started!
06-Mar-25 16:11:47	[INFO]	In root	[THREAD_FILE] File writer thread task started.
06-Mar-25 16:11:47	[INFO]	In root	[THREAD_FILE] Thread is started!
06-Mar-25 16:11:47	[INFO]	In root	[TELEMETRY_BROADCAST] Telemetry broadcast thread started.
06-Mar-25 16:11:48	[ERROR]	In root	[PARSER] Data length ERROR
06-Mar-25 16:11:49	[ERROR]	In root	[PARSER] Data length ERROR
06-Mar-25 16:11:50	[ERROR]	In root	[PARSER] Data length ERROR
06-Mar-25 16:11:53	[ERROR]	In root	[PARSER] Data length ERROR
06-Mar-25 16:11:53	[ERROR]	In root	[PARSER] Data length ERROR
06-Mar-25 16:11:54	[ERROR]	In root	[PARSER] Data length ERROR
06-Mar-25 16:11:55	[ERROR]	In root	[PARSER] Data length ERROR
06-Mar-25 16:11:56	[INFO]	In root	[THREAD_SERIAL] Thread is stopped and destroyed!
06-Mar-25 16:11:56	[INFO]	In root	[THREAD_FILE] File writer thread task stopped.
06-Mar-25 16:11:56	[INFO]	In root	[THREAD_FILE] File writer thread task stopped.
06-Mar-25 16:11:56	[INFO]	In root	[THREAD_FILE] Thread is stopped and destroyed!
06-Mar-25 16:11:56	[INFO]	In root	[LOG_SERIAL] "COM10" has been successfully closed!
06-Mar-25 16:13:02	[INFO]	In root	[LOG_SERIAL] Device "COM10" is successfully connected with baud rate 115200.
06-Mar-25 16:13:02	[INFO]	In root	[THREAD_SERIAL] Thread is started!
06-Mar-25 16:13:02	[INFO]	In root	[THREAD_SERIAL] Thread is started!
06-Mar-25 16:13:02	[INFO]	In root	[THREAD_FILE] File writer thread task started.
06-Mar-25 16:13:02	[INFO]	In root	[THREAD_FILE] Thread is started!
06-Mar-25 16:13:02	[INFO]	In root	[THREAD_FILE] File writer thread task started.
06-Mar-25 16:13:02	[INFO]	In root	[THREAD_FILE] Thread is started!
06-Mar-25 16:13:02	[INFO]	In root	[TELEMETRY_BROADCAST] Telemetry broadcast thread started.
06-Mar-25 16:13:03	[ERROR]	In root	[PARSER] Data length ERROR
06-Mar-25 16:13:04	[ERROR]	In root	[PARSER] Data length ERROR
06-Mar-25 16:13:05	[ERROR]	In root	[PARSER] Data length ERROR
06-Mar-25 16:13:06	[ERROR]	In root	[PARSER] Data length ERROR
06-Mar-25 16:13:08	[ERROR]	In root	[PARSER] Data length ERROR
06-Mar-25 16:13:09	[ERROR]	In root	[PARSER] Data length ERROR
06-Mar-25 16:13:10	[ERROR]	In root	[PARSER] Data length ERROR
06-Mar-25 16:13:11	[ERROR]	In root	[PARSER] Data length ERROR
06-Mar-25 16:13:12	[ERROR]	In root	[PARSER] Data length ERROR
06-Mar-25 16:13:13	[ERROR]	In root	[PARSER] Data length ERROR
06-Mar-25 16:13:15	[ERROR]	In root	[PARSER] Data length ERROR
06-Mar-25 16:13:16	[ERROR]	In root	[PARSER] Data length ERROR
06-Mar-25 16:13:16	[INFO]	In root	[THREAD_SERIAL] Thread is stopped and destroyed!
06-Mar-25 16:13:16	[INFO]	In root	[THREAD_FILE] File writer thread task stopped.
06-Mar-25 16:13:16	[INFO]	In root	[THREAD_FILE] File writer thread task stopped.
06-Mar-25 16:13:16	[INFO]	In root	[THREAD_FILE] Thread is stopped and destroyed!
06-Mar-25 16:13:16	[INFO]	In root	[LOG_SERIAL] "COM10" has been successfully closed!
06-Mar-25 16:13:17	[INFO]	In root	[LOG_SERIAL] Device "COM10" is successfully connected with baud rate 115200.
06-Mar-25 16:13:17	[INFO]	In root	[THREAD_SERIAL] Thread is started!
06-Mar-25 16:13:17	[INFO]	In root	[THREAD_SERIAL] Thread is started!
06-Mar-25 16:13:17	[INFO]	In root	[THREAD_FILE] File writer thread task started.
06-Mar-25 16:13:17	[INFO]	In root	[THREAD_FILE] Thread is started!
06-Mar-25 16:13:17	[INFO]	In root	[THREAD_FILE] File writer thread task started.
06-Mar-25 16:13:17	[INFO]	In root	[THREAD_FILE] Thread is started!
06-Mar-25 16:13:17	[INFO]	In root	[TELEMETRY_BROADCAST] Telemetry broadcast thread started.
06-Mar-25 16:13:19	[ERROR]	In root	[PARSER] Data length ERROR
06-Mar-25 16:13:20	[ERROR]	In root	[PARSER] Data length ERROR
06-Mar-25 16:13:21	[ERROR]	In root	[PARSER] Data length ERROR
06-Mar-25 16:13:22	[ERROR]	In root	[PARSER] Data length ERROR
06-Mar-25 16:13:23	[ERROR]	In root	[PARSER] Data length ERROR
06-Mar-25 16:13:24	[ERROR]	In root	[PARSER] Data length ERROR
06-Mar-25 16:13:25	[ERROR]	In root	[PARSER] Data length ERROR
06-Mar-25 16:13:27	[ERROR]	In root	[PARSER] Data length ERROR
06-Mar-25 16:13:28	[ERROR]	In root	[PARSER] Data length ERROR
06-Mar-25 16:13:29	[ERROR]	In root	[PARSER] Data length ERROR
06-Mar-25 16:13:30	[ERROR]	In root	[PARSER] Data length ERROR
06-Mar-25 16:13:31	[ERROR]	In root	[PARSER] Data length ERROR
06-Mar-25 16:13:32	[ERROR]	In root	[PARSER] Data length ERROR
06-Mar-25 16:13:34	[ERROR]	In root	[PARSER] Data length ERROR
06-Mar-25 16:13:35	[ERROR]	In root	[PARSER] Data length ERROR
06-Mar-25 16:13:35	[INFO]	In root	[THREAD_SERIAL] Thread is stopped and destroyed!
06-Mar-25 16:13:35	[INFO]	In root	[THREAD_FILE] File writer thread task stopped.
06-Mar-25 16:13:35	[INFO]	In root	[THREAD_FILE] Thread is stopped and destroyed!
06-Mar-25 16:13:35	[INFO]	In root	[THREAD_FILE] File writer thread task stopped.
06-Mar-25 16:13:35	[INFO]	In root	[LOG_SERIAL] "COM10" has been successfully closed!
06-Mar-25 16:15:30	[INFO]	In root	[LOG_SERIAL] Device "COM10" is successfully connected with baud rate 115200.
06-Mar-25 16:15:30	[INFO]	In root	[THREAD_SERIAL] Thread is started!
06-Mar-25 16:15:30	[INFO]	In root	[THREAD_SERIAL] Thread is started!
06-Mar-25 16:15:30	[INFO]	In root	[THREAD_FILE] File writer thread task started.
06-Mar-25 16:15:30	[INFO]	In root	[THREAD_FILE] Thread is started!
06-Mar-25 16:15:30	[INFO]	In root	[THREAD_FILE] File writer thread task started.
06-Mar-25 16:15:30	[INFO]	In root	[THREAD_FILE] Thread is started!
06-Mar-25 16:15:30	[INFO]	In root	[TELEMETRY_BROADCAST] Telemetry broadcast thread started.
06-Mar-25 16:15:32	[ERROR]	In root	[PARSER] Data length ERROR
06-Mar-25 16:15:33	[ERROR]	In root	[PARSER] Data length ERROR
06-Mar-25 16:15:34	[ERROR]	In root	[PARSER] Data length ERROR
06-Mar-25 16:15:36	[ERROR]	In root	[PARSER] Data length ERROR
06-Mar-25 16:15:36	[ERROR]	In root	[PARSER] Data length ERROR
06-Mar-25 16:15:37	[INFO]	In root	[THREAD_SERIAL] Thread is stopped and destroyed!
06-Mar-25 16:15:37	[INFO]	In root	[THREAD_FILE] File writer thread task stopped.
06-Mar-25 16:15:37	[INFO]	In root	[THREAD_FILE] File writer thread task stopped.
06-Mar-25 16:15:37	[INFO]	In root	[THREAD_FILE] Thread is stopped and destroyed!
06-Mar-25 16:15:37	[INFO]	In root	[LOG_SERIAL] "COM10" has been successfully closed!
06-Mar-25 16:21:15	[INFO]	In root	[LOG_SERIAL] Device "COM10" is successfully connected with baud rate 115200.
06-Mar-25 16:21:15	[INFO]	In root	[THREAD_SERIAL] Thread is started!
06-Mar-25 16:21:15	[INFO]	In root	[THREAD_SERIAL] Thread is started!
06-Mar-25 16:21:15	[INFO]	In root	[THREAD_FILE] File writer thread task started.
06-Mar-25 16:21:15	[INFO]	In root	[THREAD_FILE] Thread is started!
06-Mar-25 16:21:15	[INFO]	In root	[THREAD_FILE] File writer thread task started.
06-Mar-25 16:21:15	[INFO]	In root	[THREAD_FILE] Thread is started!
06-Mar-25 16:21:15	[INFO]	In root	[TELEMETRY_BROADCAST] Telemetry broadcast thread started.
06-Mar-25 16:21:16	[ERROR]	In root	[PARSER] Data length ERROR
06-Mar-25 16:21:17	[ERROR]	In root	[PARSER] Data length ERROR
06-Mar-25 16:21:18	[ERROR]	In root	[PARSER] Data length ERROR
06-Mar-25 16:21:20	[ERROR]	In root	[PARSER] Data length ERROR
06-Mar-25 16:21:21	[ERROR]	In root	[PARSER] Data length ERROR
06-Mar-25 16:21:22	[ERROR]	In root	[PARSER] Data length ERROR
06-Mar-25 16:21:23	[ERROR]	In root	[PARSER] Data length ERROR
06-Mar-25 16:21:24	[ERROR]	In root	[PARSER] Data length ERROR
06-Mar-25 16:21:25	[ERROR]	In root	[PARSER] Data length ERROR
06-Mar-25 16:21:26	[ERROR]	In root	[PARSER] Data length ERROR
06-Mar-25 16:21:28	[ERROR]	In root	[PARSER] Data length ERROR
06-Mar-25 16:21:29	[ERROR]	In root	[PARSER] Data length ERROR
06-Mar-25 16:21:30	[ERROR]	In root	[PARSER] Data length ERROR
06-Mar-25 16:21:31	[ERROR]	In root	[PARSER] Data length ERROR
06-Mar-25 16:21:32	[ERROR]	In root	[PARSER] Data length ERROR
06-Mar-25 16:21:33	[ERROR]	In root	[PARSER] Data length ERROR
06-Mar-25 16:21:35	[ERROR]	In root	[PARSER] Data length ERROR
06-Mar-25 16:21:36	[ERROR]	In root	[PARSER] Data length ERROR
06-Mar-25 16:21:37	[ERROR]	In root	[PARSER] Data length ERROR
06-Mar-25 16:21:38	[ERROR]	In root	[PARSER] Data length ERROR
06-Mar-25 16:21:39	[ERROR]	In root	[PARSER] Data length ERROR
06-Mar-25 16:21:40	[ERROR]	In root	[PARSER] Data length ERROR
06-Mar-25 16:21:41	[ERROR]	In root	[PARSER] Data length ERROR
06-Mar-25 16:21:42	[ERROR]	In root	[PARSER] Data length ERROR
06-Mar-25 16:21:44	[ERROR]	In root	[PARSER] Data length ERROR
06-Mar-25 16:21:45	[ERROR]	In root	[PARSER] Data length ERROR
06-Mar-25 16:21:46	[ERROR]	In root	[PARSER] Data length ERROR
06-Mar-25 16:21:47	[ERROR]	In root	[PARSER] Data length ERROR
06-Mar-25 16:21:48	[ERROR]	In root	[PARSER] Data length ERROR
06-Mar-25 16:21:49	[ERROR]	In root	[PARSER] Data length ERROR
06-Mar-25 16:21:51	[ERROR]	In root	[PARSER] Data length ERROR
06-Mar-25 16:21:52	[ERROR]	In root	[PARSER] Data length ERROR
06-Mar-25 16:21:53	[ERROR]	In root	[PARSER] Data length ERROR
06-Mar-25 16:21:54	[ERROR]	In root	[PARSER] Data length ERROR
06-Mar-25 16:21:55	[ERROR]	In root	[PARSER] Data length ERROR
06-Mar-25 16:21:56	[ERROR]	In root	[PARSER] Data length ERROR
06-Mar-25 16:21:57	[ERROR]	In root	[PARSER] Data length ERROR
06-Mar-25 16:21:59	[ERROR]	In root	[PARSER] Data length ERROR
06-Mar-25 16:22:00	[ERROR]	In root	[PARSER] Data length ERROR
06-Mar-25 16:22:01	[ERROR]	In root	[PARSER] Data length ERROR
06-Mar-25 16:22:02	[ERROR]	In root	[PARSER] Data length ERROR
06-Mar-25 16:22:03	[ERROR]	In root	[PARSER] Data length ERROR
06-Mar-25 16:22:04	[ERROR]	In root	[PARSER] Data length ERROR
06-Mar-25 16:22:06	[ERROR]	In root	[PARSER] Data length ERROR
06-Mar-25 16:22:07	[ERROR]	In root	[PARSER] Data length ERROR
06-Mar-25 16:22:08	[ERROR]	In root	[PARSER] Data length ERROR
06-Mar-25 16:22:09	[ERROR]	In root	[PARSER] Data length ERROR
06-Mar-25 16:22:10	[ERROR]	In root	[PARSER] Data length ERROR
06-Mar-25 16:22:11	[ERROR]	In root	[PARSER] Data length ERROR
06-Mar-25 16:22:12	[ERROR]	In root	[PARSER] Data length ERROR
06-Mar-25 16:22:14	[ERROR]	In root	[PARSER] Data length ERROR
06-Mar-25 16:22:15	[ERROR]	In root	[PARSER] Data length ERROR
06-Mar-25 16:22:16	[ERROR]	In root	[PARSER] Data length ERROR
06-Mar-25 16:22:17	[ERROR]	In root	[PARSER] Data length ERROR
06-Mar-25 16:22:18	[ERROR]	In root	[PARSER] Data length ERROR
06-Mar-25 16:22:19	[ERROR]	In root	[PARSER] Data length ERROR
06-Mar-25 16:22:21	[ERROR]	In root	[PARSER] Data length ERROR
06-Mar-25 16:22:22	[ERROR]	In root	[PARSER] Data length ERROR
06-Mar-25 16:22:23	[ERROR]	In root	[PARSER] Data length ERROR
06-Mar-25 16:22:24	[ERROR]	In root	[PARSER] Data length ERROR
06-Mar-25 16:22:25	[ERROR]	In root	[PARSER] Data length ERROR
06-Mar-25 16:22:26	[ERROR]	In root	[PARSER] Data length ERROR
06-Mar-25 16:22:27	[ERROR]	In root	[PARSER] Data length ERROR
06-Mar-25 16:22:29	[ERROR]	In root	[PARSER] Data length ERROR
06-Mar-25 16:22:30	[ERROR]	In root	[PARSER] Data length ERROR
06-Mar-25 16:22:31	[ERROR]	In root	[PARSER] Data length ERROR
06-Mar-25 16:22:32	[ERROR]	In root	[PARSER] Data length ERROR
06-Mar-25 16:22:33	[ERROR]	In root	[PARSER] Data length ERROR
06-Mar-25 16:22:34	[ERROR]	In root	[PARSER] Data length ERROR
06-Mar-25 16:22:36	[ERROR]	In root	[PARSER] Data length ERROR
06-Mar-25 16:22:37	[ERROR]	In root	[PARSER] Data length ERROR
06-Mar-25 16:22:38	[ERROR]	In root	[PARSER] Data length ERROR
06-Mar-25 16:22:39	[ERROR]	In root	[PARSER] Data length ERROR
06-Mar-25 16:22:40	[ERROR]	In root	[PARSER] Data length ERROR
06-Mar-25 16:22:41	[ERROR]	In root	[PARSER] Data length ERROR
06-Mar-25 16:22:42	[ERROR]	In root	[PARSER] Data length ERROR
06-Mar-25 16:22:44	[ERROR]	In root	[PARSER] Data length ERROR
06-Mar-25 16:22:45	[ERROR]	In root	[PARSER] Data length ERROR
06-Mar-25 16:22:46	[ERROR]	In root	[PARSER] Data length ERROR
06-Mar-25 16:22:47	[ERROR]	In root	[PARSER] Data length ERROR
06-Mar-25 16:22:48	[ERROR]	In root	[PARSER] Data length ERROR
06-Mar-25 16:22:49	[ERROR]	In root	[PARSER] Data length ERROR
06-Mar-25 16:22:51	[ERROR]	In root	[PARSER] Data length ERROR
06-Mar-25 16:22:52	[ERROR]	In root	[PARSER] Data length ERROR
06-Mar-25 16:22:53	[ERROR]	In root	[PARSER] Data length ERROR
06-Mar-25 16:22:54	[ERROR]	In root	[PARSER] Data length ERROR
06-Mar-25 16:22:55	[ERROR]	In root	[PARSER] Data length ERROR
06-Mar-25 16:22:56	[ERROR]	In root	[PARSER] Data length ERROR
06-Mar-25 16:22:58	[ERROR]	In root	[PARSER] Data length ERROR
06-Mar-25 16:22:59	[ERROR]	In root	[PARSER] Data length ERROR
06-Mar-25 16:23:00	[ERROR]	In root	[PARSER] Data length ERROR
06-Mar-25 16:23:01	[ERROR]	In root	[PARSER] Data length ERROR
06-Mar-25 16:23:03	[ERROR]	In root	[PARSER] Data length ERROR
06-Mar-25 16:23:04	[ERROR]	In root	[PARSER] Data length ERROR
06-Mar-25 16:23:05	[ERROR]	In root	[PARSER] Data length ERROR
06-Mar-25 16:23:06	[ERROR]	In root	[PARSER] Data length ERROR
06-Mar-25 16:23:07	[ERROR]	In root	[PARSER] Data length ERROR
06-Mar-25 16:23:08	[ERROR]	In root	[PARSER] Data length ERROR
06-Mar-25 16:23:09	[ERROR]	In root	[PARSER] Data length ERROR
06-Mar-25 16:23:11	[ERROR]	In root	[PARSER] Data length ERROR
06-Mar-25 16:23:12	[ERROR]	In root	[PARSER] Data length ERROR
06-Mar-25 16:23:13	[ERROR]	In root	[PARSER] Data length ERROR
06-Mar-25 16:23:14	[ERROR]	In root	[PARSER] Data length ERROR
06-Mar-25 16:23:15	[ERROR]	In root	[PARSER] Data length ERROR
06-Mar-25 16:23:16	[ERROR]	In root	[PARSER] Data length ERROR
06-Mar-25 16:23:18	[ERROR]	In root	[PARSER] Data length ERROR
06-Mar-25 16:23:19	[ERROR]	In root	[PARSER] Data length ERROR
06-Mar-25 16:23:20	[ERROR]	In root	[PARSER] Data length ERROR
06-Mar-25 16:23:21	[ERROR]	In root	[PARSER] Data length ERROR
06-Mar-25 16:23:22	[ERROR]	In root	[PARSER] Data length ERROR
06-Mar-25 16:23:23	[ERROR]	In root	[PARSER] Data length ERROR
06-Mar-25 16:23:24	[ERROR]	In root	[PARSER] Data length ERROR
06-Mar-25 16:23:26	[ERROR]	In root	[PARSER] Data length ERROR
06-Mar-25 16:23:27	[ERROR]	In root	[PARSER] Data length ERROR
06-Mar-25 16:23:28	[ERROR]	In root	[PARSER] Data length ERROR
06-Mar-25 16:23:29	[ERROR]	In root	[PARSER] Data length ERROR
06-Mar-25 16:23:30	[ERROR]	In root	[PARSER] Data length ERROR
06-Mar-25 16:23:31	[ERROR]	In root	[PARSER] Data length ERROR
06-Mar-25 16:23:33	[ERROR]	In root	[PARSER] Data length ERROR
06-Mar-25 16:23:34	[ERROR]	In root	[PARSER] Data length ERROR
06-Mar-25 16:23:35	[ERROR]	In root	[PARSER] Data length ERROR
06-Mar-25 16:23:36	[ERROR]	In root	[PARSER] Data length ERROR
06-Mar-25 16:23:37	[ERROR]	In root	[PARSER] Data length ERROR
06-Mar-25 16:23:38	[ERROR]	In root	[PARSER] Data length ERROR
06-Mar-25 16:23:40	[ERROR]	In root	[PARSER] Data length ERROR
06-Mar-25 16:23:41	[ERROR]	In root	[PARSER] Data length ERROR
06-Mar-25 16:23:42	[ERROR]	In root	[PARSER] Data length ERROR
06-Mar-25 16:23:43	[ERROR]	In root	[PARSER] Data length ERROR
06-Mar-25 16:23:44	[ERROR]	In root	[PARSER] Data length ERROR
06-Mar-25 16:23:45	[ERROR]	In root	[PARSER] Data length ERROR
06-Mar-25 16:23:46	[ERROR]	In root	[PARSER] Data length ERROR
06-Mar-25 16:23:48	[ERROR]	In root	[PARSER] Data length ERROR
06-Mar-25 16:23:49	[ERROR]	In root	[PARSER] Data length ERROR
06-Mar-25 16:23:50	[ERROR]	In root	[PARSER] Data length ERROR
06-Mar-25 16:23:51	[ERROR]	In root	[PARSER] Data length ERROR
06-Mar-25 16:23:52	[ERROR]	In root	[PARSER] Data length ERROR
06-Mar-25 16:23:53	[ERROR]	In root	[PARSER] Data length ERROR
06-Mar-25 16:23:54	[ERROR]	In root	[PARSER] Data length ERROR
06-Mar-25 16:23:56	[ERROR]	In root	[PARSER] Data length ERROR
06-Mar-25 16:23:57	[ERROR]	In root	[PARSER] Data length ERROR
06-Mar-25 16:23:58	[ERROR]	In root	[PARSER] Data length ERROR
06-Mar-25 16:23:59	[ERROR]	In root	[PARSER] Data length ERROR
06-Mar-25 16:24:00	[ERROR]	In root	[PARSER] Data length ERROR
06-Mar-25 16:24:01	[ERROR]	In root	[PARSER] Data length ERROR
06-Mar-25 16:24:03	[ERROR]	In root	[PARSER] Data length ERROR
06-Mar-25 16:24:04	[ERROR]	In root	[PARSER] Data length ERROR
06-Mar-25 16:24:05	[ERROR]	In root	[PARSER] Data length ERROR
06-Mar-25 16:24:06	[ERROR]	In root	[PARSER] Data length ERROR
06-Mar-25 16:24:07	[ERROR]	In root	[PARSER] Data length ERROR
06-Mar-25 16:24:08	[ERROR]	In root	[PARSER] Data length ERROR
06-Mar-25 16:24:09	[ERROR]	In root	[PARSER] Data length ERROR
06-Mar-25 16:24:11	[ERROR]	In root	[PARSER] Data length ERROR
06-Mar-25 16:24:12	[ERROR]	In root	[PARSER] Data length ERROR
06-Mar-25 16:24:13	[ERROR]	In root	[PARSER] Data length ERROR
06-Mar-25 16:24:14	[ERROR]	In root	[PARSER] Data length ERROR
06-Mar-25 16:24:15	[ERROR]	In root	[PARSER] Data length ERROR
06-Mar-25 16:24:16	[ERROR]	In root	[PARSER] Data length ERROR
06-Mar-25 16:24:18	[ERROR]	In root	[PARSER] Data length ERROR
06-Mar-25 16:24:19	[ERROR]	In root	[PARSER] Data length ERROR
06-Mar-25 16:24:20	[ERROR]	In root	[PARSER] Data length ERROR
06-Mar-25 16:24:21	[ERROR]	In root	[PARSER] Data length ERROR
06-Mar-25 16:24:22	[ERROR]	In root	[PARSER] Data length ERROR
06-Mar-25 16:24:23	[ERROR]	In root	[PARSER] Data length ERROR
06-Mar-25 16:24:24	[ERROR]	In root	[PARSER] Data length ERROR
06-Mar-25 16:24:26	[ERROR]	In root	[PARSER] Data length ERROR
06-Mar-25 16:24:27	[ERROR]	In root	[PARSER] Data length ERROR
06-Mar-25 16:29:49	[WARNING]	In root	[GCS] Ground Control Station Initialized
06-Mar-25 16:29:50	[WARNING]	In root	[GCS] Ground Control Station Initialized
06-Mar-25 16:29:54	[CRITICAL]	In root	[LOG_SERIAL] The port has not been initialized.
06-Mar-25 16:29:55	[INFO]	In root	[LOG_SERIAL] Device "COM10" is successfully connected with baud rate 115200.
06-Mar-25 16:29:55	[INFO]	In root	[THREAD_SERIAL] Thread is started!
06-Mar-25 16:29:55	[INFO]	In root	[THREAD_SERIAL] Thread is started!
06-Mar-25 16:29:55	[INFO]	In root	[THREAD_FILE] File writer thread task started.
06-Mar-25 16:29:55	[INFO]	In root	[THREAD_FILE] Thread is started!
06-Mar-25 16:29:55	[INFO]	In root	[THREAD_FILE] File writer thread task started.
06-Mar-25 16:29:55	[INFO]	In root	[THREAD_FILE] Thread is started!
06-Mar-25 16:29:55	[INFO]	In root	[TELEMETRY_BROADCAST] Telemetry broadcast thread started.
06-Mar-25 16:29:56	[ERROR]	In root	[PARSER] Data length ERROR
06-Mar-25 16:29:57	[ERROR]	In root	[PARSER] Data length ERROR
06-Mar-25 16:29:58	[ERROR]	In root	[PARSER] Data length ERROR
06-Mar-25 16:30:00	[ERROR]	In root	[PARSER] Data length ERROR
06-Mar-25 16:30:01	[ERROR]	In root	[PARSER] Data length ERROR
06-Mar-25 16:30:03	[ERROR]	In root	[PARSER] Data length ERROR
06-Mar-25 16:30:03	[ERROR]	In root	[PARSER] Data length ERROR
06-Mar-25 16:30:04	[ERROR]	In root	[PARSER] Data length ERROR
06-Mar-25 16:30:05	[ERROR]	In root	[PARSER] Data length ERROR
06-Mar-25 16:30:06	[ERROR]	In root	[PARSER] Data length ERROR
06-Mar-25 16:30:08	[ERROR]	In root	[PARSER] Data length ERROR
06-Mar-25 16:30:09	[ERROR]	In root	[PARSER] Data length ERROR
06-Mar-25 16:30:10	[ERROR]	In root	[PARSER] Data length ERROR
06-Mar-25 16:30:11	[ERROR]	In root	[PARSER] Data length ERROR
06-Mar-25 16:30:12	[ERROR]	In root	[PARSER] Data length ERROR
06-Mar-25 16:30:13	[ERROR]	In root	[PARSER] Data length ERROR
06-Mar-25 16:30:15	[ERROR]	In root	[PARSER] Data length ERROR
06-Mar-25 16:30:16	[ERROR]	In root	[PARSER] Data length ERROR
06-Mar-25 16:30:17	[ERROR]	In root	[PARSER] Data length ERROR
06-Mar-25 16:30:18	[ERROR]	In root	[PARSER] Data length ERROR
06-Mar-25 16:30:19	[ERROR]	In root	[PARSER] Data length ERROR
06-Mar-25 16:30:20	[ERROR]	In root	[PARSER] Data length ERROR
06-Mar-25 16:30:21	[ERROR]	In root	[PARSER] Data length ERROR
06-Mar-25 16:30:23	[ERROR]	In root	[PARSER] Data length ERROR
06-Mar-25 16:30:24	[ERROR]	In root	[PARSER] Data length ERROR
06-Mar-25 16:30:25	[ERROR]	In root	[PARSER] Data length ERROR
06-Mar-25 16:30:26	[ERROR]	In root	[PARSER] Data length ERROR
06-Mar-25 16:30:27	[ERROR]	In root	[PARSER] Data length ERROR
06-Mar-25 16:30:28	[ERROR]	In root	[PARSER] Data length ERROR
06-Mar-25 16:30:30	[ERROR]	In root	[PARSER] Data length ERROR
06-Mar-25 16:30:31	[ERROR]	In root	[PARSER] Data length ERROR
06-Mar-25 16:30:32	[ERROR]	In root	[PARSER] Data length ERROR
06-Mar-25 16:30:33	[ERROR]	In root	[PARSER] Data length ERROR
06-Mar-25 16:30:34	[ERROR]	In root	[PARSER] Data length ERROR
06-Mar-25 16:30:35	[ERROR]	In root	[PARSER] Data length ERROR
06-Mar-25 16:30:36	[ERROR]	In root	[PARSER] Data length ERROR
06-Mar-25 16:30:38	[ERROR]	In root	[PARSER] Data length ERROR
06-Mar-25 16:30:39	[ERROR]	In root	[PARSER] Data length ERROR
06-Mar-25 16:30:40	[ERROR]	In root	[PARSER] Data length ERROR
06-Mar-25 16:30:41	[ERROR]	In root	[PARSER] Data length ERROR
06-Mar-25 16:30:42	[ERROR]	In root	[PARSER] Data length ERROR
06-Mar-25 16:30:43	[ERROR]	In root	[PARSER] Data length ERROR
06-Mar-25 16:30:45	[ERROR]	In root	[PARSER] Data length ERROR
06-Mar-25 16:30:46	[ERROR]	In root	[PARSER] Data length ERROR
06-Mar-25 16:30:47	[ERROR]	In root	[PARSER] Data length ERROR
06-Mar-25 16:30:48	[ERROR]	In root	[PARSER] Data length ERROR
06-Mar-25 16:30:49	[ERROR]	In root	[PARSER] Data length ERROR
06-Mar-25 16:30:50	[ERROR]	In root	[PARSER] Data length ERROR
06-Mar-25 16:30:51	[INFO]	In root	[THREAD_SERIAL] Thread is stopped and destroyed!
06-Mar-25 16:30:51	[INFO]	In root	[THREAD_FILE] File writer thread task stopped.
06-Mar-25 16:30:51	[INFO]	In root	[THREAD_FILE] File writer thread task stopped.
06-Mar-25 16:30:51	[INFO]	In root	[THREAD_FILE] Thread is stopped and destroyed!
06-Mar-25 16:30:51	[INFO]	In root	[LOG_SERIAL] "COM10" has been successfully closed!
06-Mar-25 16:34:39	[INFO]	In root	[LOG_SERIAL] Device "COM10" is successfully connected with baud rate 115200.
06-Mar-25 16:34:39	[INFO]	In root	[THREAD_SERIAL] Thread is started!
06-Mar-25 16:34:39	[INFO]	In root	[THREAD_SERIAL] Thread is started!
06-Mar-25 16:34:39	[INFO]	In root	[THREAD_FILE] File writer thread task started.
06-Mar-25 16:34:39	[INFO]	In root	[THREAD_FILE] Thread is started!
06-Mar-25 16:34:39	[INFO]	In root	[THREAD_FILE] File writer thread task started.
06-Mar-25 16:34:39	[INFO]	In root	[THREAD_FILE] Thread is started!
06-Mar-25 16:34:39	[INFO]	In root	[TELEMETRY_BROADCAST] Telemetry broadcast thread started.
06-Mar-25 16:34:40	[ERROR]	In root	[PARSER] Data length ERROR
06-Mar-25 16:34:41	[ERROR]	In root	[PARSER] Data length ERROR
06-Mar-25 16:34:42	[ERROR]	In root	[PARSER] Data length ERROR
06-Mar-25 16:34:43	[ERROR]	In root	[PARSER] Data length ERROR
06-Mar-25 16:34:45	[ERROR]	In root	[PARSER] Data length ERROR
06-Mar-25 16:34:46	[ERROR]	In root	[PARSER] Data length ERROR
06-Mar-25 16:34:47	[ERROR]	In root	[PARSER] Data length ERROR
06-Mar-25 16:35:47	[INFO]	In root	[THREAD_SERIAL] Thread is stopped and destroyed!
06-Mar-25 16:35:49	[INFO]	In root	[THREAD_SERIAL] Thread is stopped and destroyed!
06-Mar-25 16:35:49	[INFO]	In root	[THREAD_SERIAL] Thread is stopped and destroyed!
06-Mar-25 16:35:49	[INFO]	In root	[THREAD_SERIAL] Thread is stopped and destroyed!
06-Mar-25 16:35:50	[INFO]	In root	[THREAD_SERIAL] Thread is stopped and destroyed!
06-Mar-25 16:35:50	[INFO]	In root	[THREAD_SERIAL] Thread is stopped and destroyed!
06-Mar-25 16:35:56	[INFO]	In root	[THREAD_SERIAL] Thread is stopped and destroyed!
06-Mar-25 16:35:56	[ERROR]	In root	[PARSER] Data length ERROR
06-Mar-25 16:36:04	[WARNING]	In root	[GCS] Ground Control Station Initialized
06-Mar-25 16:36:05	[WARNING]	In root	[GCS] Ground Control Station Initialized
06-Mar-25 16:36:10	[CRITICAL]	In root	[LOG_SERIAL] The port has not been initialized.
06-Mar-25 16:36:12	[INFO]	In root	[LOG_SERIAL] Device "COM10" is successfully connected with baud rate 115200.
06-Mar-25 16:36:12	[INFO]	In root	[THREAD_SERIAL] Thread is started!
06-Mar-25 16:36:12	[INFO]	In root	[THREAD_SERIAL] Thread is started!
06-Mar-25 16:36:12	[INFO]	In root	[THREAD_FILE] File writer thread task started.
06-Mar-25 16:36:12	[INFO]	In root	[THREAD_FILE] Thread is started!
06-Mar-25 16:36:12	[INFO]	In root	[THREAD_FILE] File writer thread task started.
06-Mar-25 16:36:12	[INFO]	In root	[THREAD_FILE] Thread is started!
06-Mar-25 16:36:12	[INFO]	In root	[TELEMETRY_BROADCAST] Telemetry broadcast thread started.
06-Mar-25 16:36:14	[ERROR]	In root	[PARSER] Data length ERROR
06-Mar-25 16:36:15	[ERROR]	In root	[PARSER] Data length ERROR
06-Mar-25 16:36:16	[ERROR]	In root	[PARSER] Data length ERROR
06-Mar-25 16:36:17	[ERROR]	In root	[PARSER] Data length ERROR
06-Mar-25 16:36:18	[ERROR]	In root	[PARSER] Data length ERROR
06-Mar-25 16:36:19	[ERROR]	In root	[PARSER] Data length ERROR
06-Mar-25 16:36:20	[ERROR]	In root	[PARSER] Data length ERROR
06-Mar-25 16:36:21	[ERROR]	In root	[PARSER] Data length ERROR
06-Mar-25 16:36:23	[ERROR]	In root	[PARSER] Data length ERROR
06-Mar-25 16:36:24	[ERROR]	In root	[PARSER] Data length ERROR
06-Mar-25 16:36:25	[ERROR]	In root	[PARSER] Data length ERROR
06-Mar-25 16:36:26	[ERROR]	In root	[PARSER] Data length ERROR
06-Mar-25 16:36:27	[ERROR]	In root	[PARSER] Data length ERROR
06-Mar-25 16:36:28	[ERROR]	In root	[PARSER] Data length ERROR
06-Mar-25 16:36:30	[ERROR]	In root	[PARSER] Data length ERROR
06-Mar-25 16:36:31	[ERROR]	In root	[PARSER] Data length ERROR
06-Mar-25 16:36:32	[ERROR]	In root	[PARSER] Data length ERROR
06-Mar-25 16:36:33	[ERROR]	In root	[PARSER] Data length ERROR
06-Mar-25 16:36:34	[ERROR]	In root	[PARSER] Data length ERROR
06-Mar-25 16:36:35	[ERROR]	In root	[PARSER] Data length ERROR
06-Mar-25 16:36:37	[ERROR]	In root	[PARSER] Data length ERROR
06-Mar-25 16:36:38	[ERROR]	In root	[PARSER] Data length ERROR
06-Mar-25 16:36:39	[ERROR]	In root	[PARSER] Data length ERROR
06-Mar-25 16:36:40	[ERROR]	In root	[PARSER] Data length ERROR
06-Mar-25 16:36:41	[ERROR]	In root	[PARSER] Data length ERROR
06-Mar-25 16:36:42	[ERROR]	In root	[PARSER] Data length ERROR
06-Mar-25 16:36:43	[ERROR]	In root	[PARSER] Data length ERROR
06-Mar-25 16:36:45	[ERROR]	In root	[PARSER] Data length ERROR
06-Mar-25 16:36:46	[ERROR]	In root	[PARSER] Data length ERROR
06-Mar-25 16:36:47	[ERROR]	In root	[PARSER] Data length ERROR
06-Mar-25 16:36:48	[ERROR]	In root	[PARSER] Data length ERROR
06-Mar-25 16:36:49	[ERROR]	In root	[PARSER] Data length ERROR
06-Mar-25 16:36:50	[ERROR]	In root	[PARSER] Data length ERROR
06-Mar-25 16:36:52	[ERROR]	In root	[PARSER] Data length ERROR
06-Mar-25 16:36:53	[ERROR]	In root	[PARSER] Data length ERROR
06-Mar-25 16:36:54	[ERROR]	In root	[PARSER] Data length ERROR
06-Mar-25 16:36:55	[ERROR]	In root	[PARSER] Data length ERROR
06-Mar-25 16:36:56	[ERROR]	In root	[PARSER] Data length ERROR
06-Mar-25 16:36:57	[ERROR]	In root	[PARSER] Data length ERROR
06-Mar-25 16:36:58	[ERROR]	In root	[PARSER] Data length ERROR
06-Mar-25 16:37:00	[ERROR]	In root	[PARSER] Data length ERROR
06-Mar-25 16:37:01	[ERROR]	In root	[PARSER] Data length ERROR
06-Mar-25 16:37:02	[ERROR]	In root	[PARSER] Data length ERROR
06-Mar-25 16:37:03	[ERROR]	In root	[PARSER] Data length ERROR
06-Mar-25 16:37:04	[ERROR]	In root	[PARSER] Data length ERROR
06-Mar-25 16:37:05	[ERROR]	In root	[PARSER] Data length ERROR
06-Mar-25 16:37:07	[ERROR]	In root	[PARSER] Data length ERROR
06-Mar-25 16:37:08	[ERROR]	In root	[PARSER] Data length ERROR
06-Mar-25 16:37:09	[ERROR]	In root	[PARSER] Data length ERROR
06-Mar-25 16:37:10	[ERROR]	In root	[PARSER] Data length ERROR
06-Mar-25 16:37:11	[ERROR]	In root	[PARSER] Data length ERROR
06-Mar-25 16:37:12	[ERROR]	In root	[PARSER] Data length ERROR
06-Mar-25 16:37:20	[WARNING]	In root	[GCS] Ground Control Station Initialized
06-Mar-25 16:37:21	[WARNING]	In root	[GCS] Ground Control Station Initialized
06-Mar-25 16:37:21	[CRITICAL]	In root	[LOG_SERIAL] The port has not been initialized.
06-Mar-25 16:37:23	[INFO]	In root	[LOG_SERIAL] Device "COM10" is successfully connected with baud rate 115200.
06-Mar-25 16:37:23	[INFO]	In root	[THREAD_SERIAL] Thread is started!
06-Mar-25 16:37:23	[INFO]	In root	[THREAD_SERIAL] Thread is started!
06-Mar-25 16:37:23	[INFO]	In root	[THREAD_FILE] File writer thread task started.
06-Mar-25 16:37:23	[INFO]	In root	[THREAD_FILE] Thread is started!
06-Mar-25 16:37:23	[INFO]	In root	[THREAD_FILE] File writer thread task started.
06-Mar-25 16:37:23	[INFO]	In root	[THREAD_FILE] Thread is started!
06-Mar-25 16:37:23	[INFO]	In root	[TELEMETRY_BROADCAST] Telemetry broadcast thread started.
06-Mar-25 16:37:24	[ERROR]	In root	[PARSER] Data length ERROR
06-Mar-25 16:37:25	[ERROR]	In root	[PARSER] Data length ERROR
06-Mar-25 16:37:26	[ERROR]	In root	[PARSER] Data length ERROR
06-Mar-25 16:37:28	[ERROR]	In root	[PARSER] Data length ERROR
06-Mar-25 16:37:29	[ERROR]	In root	[PARSER] Data length ERROR
06-Mar-25 16:37:31	[ERROR]	In root	[PARSER] Data length ERROR
06-Mar-25 16:37:31	[ERROR]	In root	[PARSER] Data length ERROR
06-Mar-25 16:37:32	[ERROR]	In root	[PARSER] Data length ERROR
06-Mar-25 16:37:33	[ERROR]	In root	[PARSER] Data length ERROR
06-Mar-25 16:37:34	[ERROR]	In root	[PARSER] Data length ERROR
06-Mar-25 16:37:36	[ERROR]	In root	[PARSER] Data length ERROR
06-Mar-25 16:37:37	[ERROR]	In root	[PARSER] Data length ERROR
06-Mar-25 16:37:38	[ERROR]	In root	[PARSER] Data length ERROR
06-Mar-25 16:37:39	[ERROR]	In root	[PARSER] Data length ERROR
06-Mar-25 16:37:40	[ERROR]	In root	[PARSER] Data length ERROR
06-Mar-25 16:37:40	[INFO]	In root	[THREAD_SERIAL] Thread is stopped and destroyed!
06-Mar-25 16:37:41	[INFO]	In root	[THREAD_FILE] File writer thread task stopped.
06-Mar-25 16:37:41	[INFO]	In root	[THREAD_FILE] Thread is stopped and destroyed!
06-Mar-25 16:37:41	[INFO]	In root	[THREAD_FILE] File writer thread task stopped.
06-Mar-25 16:37:41	[INFO]	In root	[LOG_SERIAL] "COM10" has been successfully closed!
06-Mar-25 16:37:42	[CRITICAL]	In root	[LOG_SERIAL] The port has not been initialized.
06-Mar-25 16:42:24	[INFO]	In root	[LOG_SERIAL] Device "COM10" is successfully connected with baud rate 115200.
06-Mar-25 16:42:24	[INFO]	In root	[THREAD_SERIAL] Thread is started!
06-Mar-25 16:42:24	[INFO]	In root	[THREAD_SERIAL] Thread is started!
06-Mar-25 16:42:24	[INFO]	In root	[THREAD_FILE] File writer thread task started.
06-Mar-25 16:42:24	[INFO]	In root	[THREAD_FILE] Thread is started!
06-Mar-25 16:42:24	[INFO]	In root	[THREAD_FILE] File writer thread task started.
06-Mar-25 16:42:24	[INFO]	In root	[THREAD_FILE] Thread is started!
06-Mar-25 16:42:24	[INFO]	In root	[TELEMETRY_BROADCAST] Telemetry broadcast thread started.
06-Mar-25 16:42:25	[ERROR]	In root	[PARSER] Data length ERROR
06-Mar-25 16:42:26	[ERROR]	In root	[PARSER] Data length ERROR
06-Mar-25 16:42:27	[ERROR]	In root	[PARSER] Data length ERROR
06-Mar-25 16:42:29	[ERROR]	In root	[PARSER] Data length ERROR
06-Mar-25 16:42:30	[ERROR]	In root	[PARSER] Data length ERROR
06-Mar-25 16:42:31	[ERROR]	In root	[PARSER] Data length ERROR
06-Mar-25 16:42:32	[ERROR]	In root	[PARSER] Data length ERROR
06-Mar-25 16:42:33	[ERROR]	In root	[PARSER] Data length ERROR
06-Mar-25 16:42:34	[ERROR]	In root	[PARSER] Data length ERROR
06-Mar-25 16:42:35	[ERROR]	In root	[PARSER] Data length ERROR
06-Mar-25 16:42:37	[ERROR]	In root	[PARSER] Data length ERROR
06-Mar-25 16:42:38	[ERROR]	In root	[PARSER] Data length ERROR
06-Mar-25 16:42:39	[ERROR]	In root	[PARSER] Data length ERROR
06-Mar-25 16:42:40	[INFO]	In root	[THREAD_SERIAL] Thread is stopped and destroyed!
06-Mar-25 16:42:40	[INFO]	In root	[THREAD_FILE] File writer thread task stopped.
06-Mar-25 16:42:40	[INFO]	In root	[THREAD_FILE] Thread is stopped and destroyed!
06-Mar-25 16:42:40	[INFO]	In root	[THREAD_FILE] File writer thread task stopped.
06-Mar-25 16:42:40	[INFO]	In root	[LOG_SERIAL] "COM10" has been successfully closed!
06-Mar-25 16:42:41	[INFO]	In root	[LOG_SERIAL] Device "COM10" is successfully connected with baud rate 115200.
06-Mar-25 16:42:41	[INFO]	In root	[THREAD_SERIAL] Thread is started!
06-Mar-25 16:42:41	[INFO]	In root	[THREAD_SERIAL] Thread is started!
06-Mar-25 16:42:41	[INFO]	In root	[THREAD_FILE] File writer thread task started.
06-Mar-25 16:42:41	[INFO]	In root	[THREAD_FILE] Thread is started!
06-Mar-25 16:42:41	[INFO]	In root	[THREAD_FILE] File writer thread task started.
06-Mar-25 16:42:41	[INFO]	In root	[THREAD_FILE] Thread is started!
06-Mar-25 16:42:41	[INFO]	In root	[TELEMETRY_BROADCAST] Telemetry broadcast thread started.
06-Mar-25 16:42:43	[ERROR]	In root	[PARSER] Data length ERROR
06-Mar-25 16:42:44	[ERROR]	In root	[PARSER] Data length ERROR
06-Mar-25 16:42:45	[ERROR]	In root	[PARSER] Data length ERROR
06-Mar-25 16:42:46	[ERROR]	In root	[PARSER] Data length ERROR
06-Mar-25 16:42:47	[ERROR]	In root	[PARSER] Data length ERROR
06-Mar-25 16:42:48	[ERROR]	In root	[PARSER] Data length ERROR
06-Mar-25 16:42:49	[ERROR]	In root	[PARSER] Data length ERROR
06-Mar-25 16:42:51	[ERROR]	In root	[PARSER] Data length ERROR
06-Mar-25 16:42:52	[ERROR]	In root	[PARSER] Data length ERROR
06-Mar-25 16:42:53	[ERROR]	In root	[PARSER] Data length ERROR
06-Mar-25 16:42:54	[ERROR]	In root	[PARSER] Data length ERROR
06-Mar-25 16:42:55	[ERROR]	In root	[PARSER] Data length ERROR
06-Mar-25 16:42:56	[ERROR]	In root	[PARSER] Data length ERROR
06-Mar-25 16:42:58	[ERROR]	In root	[PARSER] Data length ERROR
06-Mar-25 16:42:59	[ERROR]	In root	[PARSER] Data length ERROR
06-Mar-25 16:43:00	[ERROR]	In root	[PARSER] Data length ERROR
06-Mar-25 16:43:01	[ERROR]	In root	[PARSER] Data length ERROR
06-Mar-25 16:43:02	[ERROR]	In root	[PARSER] Data length ERROR
06-Mar-25 16:43:03	[ERROR]	In root	[PARSER] Data length ERROR
06-Mar-25 16:43:04	[ERROR]	In root	[PARSER] Data length ERROR
06-Mar-25 16:43:06	[ERROR]	In root	[PARSER] Data length ERROR
06-Mar-25 16:43:07	[ERROR]	In root	[PARSER] Data length ERROR
06-Mar-25 16:43:08	[ERROR]	In root	[PARSER] Data length ERROR
06-Mar-25 16:43:09	[ERROR]	In root	[PARSER] Data length ERROR
06-Mar-25 16:43:10	[ERROR]	In root	[PARSER] Data length ERROR
06-Mar-25 16:43:11	[ERROR]	In root	[PARSER] Data length ERROR
06-Mar-25 16:43:13	[ERROR]	In root	[PARSER] Data length ERROR
06-Mar-25 16:43:14	[ERROR]	In root	[PARSER] Data length ERROR
06-Mar-25 16:43:15	[ERROR]	In root	[PARSER] Data length ERROR
06-Mar-25 16:43:16	[ERROR]	In root	[PARSER] Data length ERROR
06-Mar-25 16:43:17	[ERROR]	In root	[PARSER] Data length ERROR
06-Mar-25 16:43:18	[ERROR]	In root	[PARSER] Data length ERROR
06-Mar-25 16:43:19	[ERROR]	In root	[PARSER] Data length ERROR
06-Mar-25 16:43:21	[ERROR]	In root	[PARSER] Data length ERROR
06-Mar-25 16:43:22	[ERROR]	In root	[PARSER] Data length ERROR
06-Mar-25 16:43:23	[ERROR]	In root	[PARSER] Data length ERROR
06-Mar-25 16:43:24	[ERROR]	In root	[PARSER] Data length ERROR
06-Mar-25 16:43:25	[ERROR]	In root	[PARSER] Data length ERROR
06-Mar-25 16:43:26	[ERROR]	In root	[PARSER] Data length ERROR
06-Mar-25 16:43:28	[ERROR]	In root	[PARSER] Data length ERROR
06-Mar-25 16:43:29	[ERROR]	In root	[PARSER] Data length ERROR
06-Mar-25 16:43:30	[ERROR]	In root	[PARSER] Data length ERROR
06-Mar-25 16:47:04	[WARNING]	In root	[GCS] Ground Control Station Initialized
06-Mar-25 16:47:04	[WARNING]	In root	[GCS] Ground Control Station Initialized
06-Mar-25 16:47:09	[CRITICAL]	In root	[LOG_SERIAL] The port has not been initialized.
06-Mar-25 16:47:09	[CRITICAL]	In root	[LOG_SERIAL] The port has not been initialized.
06-Mar-25 16:47:11	[INFO]	In root	[LOG_SERIAL] Device "COM10" is successfully connected with baud rate 115200.
06-Mar-25 16:47:11	[INFO]	In root	[THREAD_SERIAL] Thread is started!
06-Mar-25 16:47:11	[INFO]	In root	[THREAD_SERIAL] Thread is started!
06-Mar-25 16:47:11	[INFO]	In root	[THREAD_FILE] File writer thread task started.
06-Mar-25 16:47:11	[INFO]	In root	[THREAD_FILE] Thread is started!
06-Mar-25 16:47:11	[INFO]	In root	[THREAD_FILE] File writer thread task started.
06-Mar-25 16:47:11	[INFO]	In root	[THREAD_FILE] Thread is started!
06-Mar-25 16:47:11	[INFO]	In root	[TELEMETRY_BROADCAST] Telemetry broadcast thread started.
06-Mar-25 16:47:13	[ERROR]	In root	[PARSER] Data length ERROR
06-Mar-25 16:47:14	[ERROR]	In root	[PARSER] Data length ERROR
06-Mar-25 16:47:15	[ERROR]	In root	[PARSER] Data length ERROR
06-Mar-25 16:47:16	[ERROR]	In root	[PARSER] Data length ERROR
06-Mar-25 16:47:17	[ERROR]	In root	[PARSER] Data length ERROR
06-Mar-25 16:47:18	[ERROR]	In root	[PARSER] Data length ERROR
06-Mar-25 16:47:19	[ERROR]	In root	[PARSER] Data length ERROR
06-Mar-25 16:47:21	[ERROR]	In root	[PARSER] Data length ERROR
06-Mar-25 16:47:22	[ERROR]	In root	[PARSER] Data length ERROR
06-Mar-25 16:47:23	[ERROR]	In root	[PARSER] Data length ERROR
06-Mar-25 16:47:24	[ERROR]	In root	[PARSER] Data length ERROR
06-Mar-25 16:47:25	[ERROR]	In root	[PARSER] Data length ERROR
06-Mar-25 16:47:26	[ERROR]	In root	[PARSER] Data length ERROR
06-Mar-25 16:47:27	[ERROR]	In root	[PARSER] Data length ERROR
06-Mar-25 16:47:29	[ERROR]	In root	[PARSER] Data length ERROR
06-Mar-25 16:47:30	[ERROR]	In root	[PARSER] Data length ERROR
06-Mar-25 16:47:31	[ERROR]	In root	[PARSER] Data length ERROR
06-Mar-25 16:47:32	[ERROR]	In root	[PARSER] Data length ERROR
06-Mar-25 16:47:33	[ERROR]	In root	[PARSER] Data length ERROR
06-Mar-25 16:47:34	[ERROR]	In root	[PARSER] Data length ERROR
06-Mar-25 16:47:36	[ERROR]	In root	[PARSER] Data length ERROR
06-Mar-25 16:47:37	[ERROR]	In root	[PARSER] Data length ERROR
06-Mar-25 16:47:38	[ERROR]	In root	[PARSER] Data length ERROR
06-Mar-25 16:47:39	[ERROR]	In root	[PARSER] Data length ERROR
06-Mar-25 16:47:40	[ERROR]	In root	[PARSER] Data length ERROR
06-Mar-25 16:47:41	[ERROR]	In root	[PARSER] Data length ERROR
06-Mar-25 16:47:42	[ERROR]	In root	[PARSER] Data length ERROR
06-Mar-25 16:47:44	[ERROR]	In root	[PARSER] Data length ERROR
06-Mar-25 16:47:45	[ERROR]	In root	[PARSER] Data length ERROR
06-Mar-25 16:47:46	[ERROR]	In root	[PARSER] Data length ERROR
06-Mar-25 16:47:47	[ERROR]	In root	[PARSER] Data length ERROR
06-Mar-25 16:47:48	[ERROR]	In root	[PARSER] Data length ERROR
06-Mar-25 16:47:49	[ERROR]	In root	[PARSER] Data length ERROR
06-Mar-25 16:47:51	[ERROR]	In root	[PARSER] Data length ERROR
06-Mar-25 16:47:52	[ERROR]	In root	[PARSER] Data length ERROR
06-Mar-25 16:47:53	[ERROR]	In root	[PARSER] Data length ERROR
06-Mar-25 16:47:54	[ERROR]	In root	[PARSER] Data length ERROR
06-Mar-25 16:47:55	[ERROR]	In root	[PARSER] Data length ERROR
06-Mar-25 16:47:56	[ERROR]	In root	[PARSER] Data length ERROR
06-Mar-25 16:47:58	[ERROR]	In root	[PARSER] Data length ERROR
06-Mar-25 16:47:59	[ERROR]	In root	[PARSER] Data length ERROR
06-Mar-25 16:48:00	[ERROR]	In root	[PARSER] Data length ERROR
06-Mar-25 16:48:01	[ERROR]	In root	[PARSER] Data length ERROR
06-Mar-25 16:48:02	[ERROR]	In root	[PARSER] Data length ERROR
06-Mar-25 16:48:03	[ERROR]	In root	[PARSER] Data length ERROR
06-Mar-25 16:48:04	[ERROR]	In root	[PARSER] Data length ERROR
06-Mar-25 16:48:06	[ERROR]	In root	[PARSER] Data length ERROR
06-Mar-25 16:48:07	[ERROR]	In root	[PARSER] Data length ERROR
06-Mar-25 16:48:08	[ERROR]	In root	[PARSER] Data length ERROR
06-Mar-25 16:48:09	[ERROR]	In root	[PARSER] Data length ERROR
06-Mar-25 16:48:10	[ERROR]	In root	[PARSER] Data length ERROR
06-Mar-25 16:48:11	[ERROR]	In root	[PARSER] Data length ERROR
06-Mar-25 16:48:12	[ERROR]	In root	[PARSER] Data length ERROR
06-Mar-25 16:48:14	[ERROR]	In root	[PARSER] Data length ERROR
06-Mar-25 16:48:15	[ERROR]	In root	[PARSER] Data length ERROR
06-Mar-25 16:48:16	[ERROR]	In root	[PARSER] Data length ERROR
06-Mar-25 16:48:17	[ERROR]	In root	[PARSER] Data length ERROR
06-Mar-25 16:48:18	[ERROR]	In root	[PARSER] Data length ERROR
06-Mar-25 16:48:19	[ERROR]	In root	[PARSER] Data length ERROR
06-Mar-25 16:48:21	[ERROR]	In root	[PARSER] Data length ERROR
06-Mar-25 16:48:22	[ERROR]	In root	[PARSER] Data length ERROR
06-Mar-25 16:48:23	[ERROR]	In root	[PARSER] Data length ERROR
06-Mar-25 16:48:24	[ERROR]	In root	[PARSER] Data length ERROR
06-Mar-25 16:48:25	[ERROR]	In root	[PARSER] Data length ERROR
06-Mar-25 16:48:26	[ERROR]	In root	[PARSER] Data length ERROR
06-Mar-25 16:48:27	[ERROR]	In root	[PARSER] Data length ERROR
06-Mar-25 16:48:29	[ERROR]	In root	[PARSER] Data length ERROR
06-Mar-25 16:48:30	[ERROR]	In root	[PARSER] Data length ERROR
06-Mar-25 16:48:31	[ERROR]	In root	[PARSER] Data length ERROR
06-Mar-25 16:48:32	[ERROR]	In root	[PARSER] Data length ERROR
06-Mar-25 16:48:33	[ERROR]	In root	[PARSER] Data length ERROR
06-Mar-25 16:48:34	[ERROR]	In root	[PARSER] Data length ERROR
06-Mar-25 16:48:36	[ERROR]	In root	[PARSER] Data length ERROR
06-Mar-25 16:48:37	[ERROR]	In root	[PARSER] Data length ERROR
06-Mar-25 16:48:38	[ERROR]	In root	[PARSER] Data length ERROR
06-Mar-25 16:48:39	[ERROR]	In root	[PARSER] Data length ERROR
06-Mar-25 16:48:40	[ERROR]	In root	[PARSER] Data length ERROR
06-Mar-25 16:48:41	[ERROR]	In root	[PARSER] Data length ERROR
06-Mar-25 16:48:42	[ERROR]	In root	[PARSER] Data length ERROR
06-Mar-25 16:48:44	[ERROR]	In root	[PARSER] Data length ERROR
06-Mar-25 16:48:45	[ERROR]	In root	[PARSER] Data length ERROR
06-Mar-25 16:48:46	[ERROR]	In root	[PARSER] Data length ERROR
06-Mar-25 16:48:47	[ERROR]	In root	[PARSER] Data length ERROR
06-Mar-25 16:48:48	[ERROR]	In root	[PARSER] Data length ERROR
06-Mar-25 16:48:49	[ERROR]	In root	[PARSER] Data length ERROR
06-Mar-25 16:48:51	[ERROR]	In root	[PARSER] Data length ERROR
06-Mar-25 16:48:52	[ERROR]	In root	[PARSER] Data length ERROR
06-Mar-25 16:48:53	[ERROR]	In root	[PARSER] Data length ERROR
06-Mar-25 16:48:54	[ERROR]	In root	[PARSER] Data length ERROR
06-Mar-25 16:48:55	[ERROR]	In root	[PARSER] Data length ERROR
06-Mar-25 16:48:56	[ERROR]	In root	[PARSER] Data length ERROR
06-Mar-25 16:48:57	[ERROR]	In root	[PARSER] Data length ERROR
06-Mar-25 16:48:59	[ERROR]	In root	[PARSER] Data length ERROR
06-Mar-25 16:49:00	[ERROR]	In root	[PARSER] Data length ERROR
06-Mar-25 16:49:01	[ERROR]	In root	[PARSER] Data length ERROR
06-Mar-25 16:49:02	[ERROR]	In root	[PARSER] Data length ERROR
06-Mar-25 16:49:03	[ERROR]	In root	[PARSER] Data length ERROR
06-Mar-25 16:49:04	[ERROR]	In root	[PARSER] Data length ERROR
06-Mar-25 16:49:06	[ERROR]	In root	[PARSER] Data length ERROR
06-Mar-25 16:49:07	[ERROR]	In root	[PARSER] Data length ERROR
06-Mar-25 16:49:08	[ERROR]	In root	[PARSER] Data length ERROR
06-Mar-25 16:49:09	[ERROR]	In root	[PARSER] Data length ERROR
06-Mar-25 16:49:10	[ERROR]	In root	[PARSER] Data length ERROR
06-Mar-25 16:49:11	[ERROR]	In root	[PARSER] Data length ERROR
06-Mar-25 16:49:12	[ERROR]	In root	[PARSER] Data length ERROR
06-Mar-25 16:49:14	[ERROR]	In root	[PARSER] Data length ERROR
06-Mar-25 16:49:15	[ERROR]	In root	[PARSER] Data length ERROR
06-Mar-25 16:49:16	[ERROR]	In root	[PARSER] Data length ERROR
06-Mar-25 16:49:17	[ERROR]	In root	[PARSER] Data length ERROR
06-Mar-25 16:49:18	[ERROR]	In root	[PARSER] Data length ERROR
06-Mar-25 16:49:19	[ERROR]	In root	[PARSER] Data length ERROR
06-Mar-25 16:49:21	[ERROR]	In root	[PARSER] Data length ERROR
06-Mar-25 16:49:22	[ERROR]	In root	[PARSER] Data length ERROR
06-Mar-25 16:49:23	[ERROR]	In root	[PARSER] Data length ERROR
06-Mar-25 16:49:24	[ERROR]	In root	[PARSER] Data length ERROR
06-Mar-25 16:49:25	[ERROR]	In root	[PARSER] Data length ERROR
06-Mar-25 16:49:26	[ERROR]	In root	[PARSER] Data length ERROR
06-Mar-25 16:49:27	[ERROR]	In root	[PARSER] Data length ERROR
06-Mar-25 16:49:29	[ERROR]	In root	[PARSER] Data length ERROR
06-Mar-25 16:49:30	[ERROR]	In root	[PARSER] Data length ERROR
06-Mar-25 16:49:31	[ERROR]	In root	[PARSER] Data length ERROR
06-Mar-25 16:49:32	[ERROR]	In root	[PARSER] Data length ERROR
06-Mar-25 16:49:33	[ERROR]	In root	[PARSER] Data length ERROR
06-Mar-25 16:49:34	[ERROR]	In root	[PARSER] Data length ERROR
06-Mar-25 16:49:36	[ERROR]	In root	[PARSER] Data length ERROR
06-Mar-25 16:49:37	[ERROR]	In root	[PARSER] Data length ERROR
06-Mar-25 16:49:38	[ERROR]	In root	[PARSER] Data length ERROR
06-Mar-25 16:49:39	[ERROR]	In root	[PARSER] Data length ERROR
06-Mar-25 16:49:40	[ERROR]	In root	[PARSER] Data length ERROR
06-Mar-25 16:49:41	[ERROR]	In root	[PARSER] Data length ERROR
06-Mar-25 16:49:43	[ERROR]	In root	[PARSER] Data length ERROR
06-Mar-25 16:49:44	[ERROR]	In root	[PARSER] Data length ERROR
06-Mar-25 16:49:45	[ERROR]	In root	[PARSER] Data length ERROR
06-Mar-25 16:49:46	[ERROR]	In root	[PARSER] Data length ERROR
06-Mar-25 16:49:47	[ERROR]	In root	[PARSER] Data length ERROR
06-Mar-25 16:49:48	[ERROR]	In root	[PARSER] Data length ERROR
06-Mar-25 16:49:49	[ERROR]	In root	[PARSER] Data length ERROR
06-Mar-25 16:49:51	[ERROR]	In root	[PARSER] Data length ERROR
06-Mar-25 16:49:52	[ERROR]	In root	[PARSER] Data length ERROR
06-Mar-25 16:49:53	[ERROR]	In root	[PARSER] Data length ERROR
06-Mar-25 16:49:54	[ERROR]	In root	[PARSER] Data length ERROR
06-Mar-25 16:49:55	[ERROR]	In root	[PARSER] Data length ERROR
06-Mar-25 16:49:56	[ERROR]	In root	[PARSER] Data length ERROR
06-Mar-25 16:49:58	[ERROR]	In root	[PARSER] Data length ERROR
06-Mar-25 16:49:59	[ERROR]	In root	[PARSER] Data length ERROR
06-Mar-25 16:50:00	[ERROR]	In root	[PARSER] Data length ERROR
06-Mar-25 16:50:01	[ERROR]	In root	[PARSER] Data length ERROR
06-Mar-25 16:50:03	[ERROR]	In root	[PARSER] Data length ERROR
06-Mar-25 16:50:04	[ERROR]	In root	[PARSER] Data length ERROR
06-Mar-25 16:50:05	[ERROR]	In root	[PARSER] Data length ERROR
06-Mar-25 16:50:06	[ERROR]	In root	[PARSER] Data length ERROR
06-Mar-25 16:50:07	[ERROR]	In root	[PARSER] Data length ERROR
06-Mar-25 16:50:08	[ERROR]	In root	[PARSER] Data length ERROR
06-Mar-25 16:50:10	[ERROR]	In root	[PARSER] Data length ERROR
06-Mar-25 16:50:11	[ERROR]	In root	[PARSER] Data length ERROR
06-Mar-25 16:50:12	[ERROR]	In root	[PARSER] Data length ERROR
06-Mar-25 16:50:13	[ERROR]	In root	[PARSER] Data length ERROR
06-Mar-25 16:50:14	[ERROR]	In root	[PARSER] Data length ERROR
06-Mar-25 16:50:15	[ERROR]	In root	[PARSER] Data length ERROR
06-Mar-25 16:50:16	[ERROR]	In root	[PARSER] Data length ERROR
06-Mar-25 16:50:18	[ERROR]	In root	[PARSER] Data length ERROR
06-Mar-25 16:50:19	[ERROR]	In root	[PARSER] Data length ERROR
06-Mar-25 16:50:20	[ERROR]	In root	[PARSER] Data length ERROR
06-Mar-25 16:50:21	[ERROR]	In root	[PARSER] Data length ERROR
06-Mar-25 16:50:22	[ERROR]	In root	[PARSER] Data length ERROR
06-Mar-25 16:50:23	[ERROR]	In root	[PARSER] Data length ERROR
06-Mar-25 16:50:25	[ERROR]	In root	[PARSER] Data length ERROR
06-Mar-25 16:50:26	[ERROR]	In root	[PARSER] Data length ERROR
06-Mar-25 16:50:27	[ERROR]	In root	[PARSER] Data length ERROR
06-Mar-25 16:50:28	[ERROR]	In root	[PARSER] Data length ERROR
06-Mar-25 16:50:29	[ERROR]	In root	[PARSER] Data length ERROR
06-Mar-25 16:50:30	[ERROR]	In root	[PARSER] Data length ERROR
06-Mar-25 16:50:31	[ERROR]	In root	[PARSER] Data length ERROR
06-Mar-25 16:50:33	[ERROR]	In root	[PARSER] Data length ERROR
06-Mar-25 16:50:34	[ERROR]	In root	[PARSER] Data length ERROR
06-Mar-25 16:50:35	[ERROR]	In root	[PARSER] Data length ERROR
06-Mar-25 16:50:36	[ERROR]	In root	[PARSER] Data length ERROR
06-Mar-25 16:50:37	[ERROR]	In root	[PARSER] Data length ERROR
06-Mar-25 16:50:38	[ERROR]	In root	[PARSER] Data length ERROR
06-Mar-25 16:50:40	[ERROR]	In root	[PARSER] Data length ERROR
06-Mar-25 16:50:41	[ERROR]	In root	[PARSER] Data length ERROR
06-Mar-25 16:50:42	[ERROR]	In root	[PARSER] Data length ERROR
06-Mar-25 16:50:43	[ERROR]	In root	[PARSER] Data length ERROR
06-Mar-25 16:50:44	[ERROR]	In root	[PARSER] Data length ERROR
06-Mar-25 16:50:45	[ERROR]	In root	[PARSER] Data length ERROR
06-Mar-25 16:50:46	[ERROR]	In root	[PARSER] Data length ERROR
06-Mar-25 16:50:48	[ERROR]	In root	[PARSER] Data length ERROR
06-Mar-25 16:50:49	[ERROR]	In root	[PARSER] Data length ERROR
06-Mar-25 16:50:50	[ERROR]	In root	[PARSER] Data length ERROR
06-Mar-25 16:50:51	[ERROR]	In root	[PARSER] Data length ERROR
06-Mar-25 16:50:52	[ERROR]	In root	[PARSER] Data length ERROR
06-Mar-25 16:50:53	[ERROR]	In root	[PARSER] Data length ERROR
06-Mar-25 16:50:55	[ERROR]	In root	[PARSER] Data length ERROR
06-Mar-25 16:50:56	[ERROR]	In root	[PARSER] Data length ERROR
06-Mar-25 16:50:57	[ERROR]	In root	[PARSER] Data length ERROR
06-Mar-25 16:50:58	[ERROR]	In root	[PARSER] Data length ERROR
06-Mar-25 16:50:59	[ERROR]	In root	[PARSER] Data length ERROR
06-Mar-25 16:51:00	[ERROR]	In root	[PARSER] Data length ERROR
06-Mar-25 16:51:01	[ERROR]	In root	[PARSER] Data length ERROR
06-Mar-25 16:51:03	[ERROR]	In root	[PARSER] Data length ERROR
06-Mar-25 16:51:04	[ERROR]	In root	[PARSER] Data length ERROR
06-Mar-25 16:51:05	[ERROR]	In root	[PARSER] Data length ERROR
06-Mar-25 16:51:06	[ERROR]	In root	[PARSER] Data length ERROR
06-Mar-25 16:51:07	[ERROR]	In root	[PARSER] Data length ERROR
06-Mar-25 16:51:08	[ERROR]	In root	[PARSER] Data length ERROR
06-Mar-25 16:51:10	[ERROR]	In root	[PARSER] Data length ERROR
06-Mar-25 16:51:11	[ERROR]	In root	[PARSER] Data length ERROR
06-Mar-25 16:51:12	[ERROR]	In root	[PARSER] Data length ERROR
06-Mar-25 16:51:13	[ERROR]	In root	[PARSER] Data length ERROR
06-Mar-25 16:51:14	[ERROR]	In root	[PARSER] Data length ERROR
06-Mar-25 16:51:15	[ERROR]	In root	[PARSER] Data length ERROR
06-Mar-25 16:51:16	[ERROR]	In root	[PARSER] Data length ERROR
06-Mar-25 16:51:18	[ERROR]	In root	[PARSER] Data length ERROR
06-Mar-25 16:51:19	[ERROR]	In root	[PARSER] Data length ERROR
06-Mar-25 16:51:20	[ERROR]	In root	[PARSER] Data length ERROR
06-Mar-25 16:51:21	[ERROR]	In root	[PARSER] Data length ERROR
06-Mar-25 16:51:22	[ERROR]	In root	[PARSER] Data length ERROR
06-Mar-25 16:51:23	[ERROR]	In root	[PARSER] Data length ERROR
06-Mar-25 16:51:25	[ERROR]	In root	[PARSER] Data length ERROR
06-Mar-25 16:51:26	[ERROR]	In root	[PARSER] Data length ERROR
06-Mar-25 16:51:27	[ERROR]	In root	[PARSER] Data length ERROR
06-Mar-25 16:51:28	[ERROR]	In root	[PARSER] Data length ERROR
06-Mar-25 16:51:29	[ERROR]	In root	[PARSER] Data length ERROR
06-Mar-25 16:51:30	[ERROR]	In root	[PARSER] Data length ERROR
06-Mar-25 16:51:31	[ERROR]	In root	[PARSER] Data length ERROR
06-Mar-25 16:51:33	[ERROR]	In root	[PARSER] Data length ERROR
06-Mar-25 16:51:34	[ERROR]	In root	[PARSER] Data length ERROR
06-Mar-25 16:51:35	[ERROR]	In root	[PARSER] Data length ERROR
06-Mar-25 16:51:36	[ERROR]	In root	[PARSER] Data length ERROR
06-Mar-25 16:51:37	[ERROR]	In root	[PARSER] Data length ERROR
06-Mar-25 16:51:38	[ERROR]	In root	[PARSER] Data length ERROR
06-Mar-25 16:51:40	[ERROR]	In root	[PARSER] Data length ERROR
06-Mar-25 16:51:41	[ERROR]	In root	[PARSER] Data length ERROR
06-Mar-25 16:51:42	[ERROR]	In root	[PARSER] Data length ERROR
06-Mar-25 16:51:43	[ERROR]	In root	[PARSER] Data length ERROR
06-Mar-25 16:51:44	[ERROR]	In root	[PARSER] Data length ERROR
06-Mar-25 16:51:45	[ERROR]	In root	[PARSER] Data length ERROR
06-Mar-25 16:51:46	[ERROR]	In root	[PARSER] Data length ERROR
06-Mar-25 16:51:48	[ERROR]	In root	[PARSER] Data length ERROR
06-Mar-25 16:51:49	[ERROR]	In root	[PARSER] Data length ERROR
06-Mar-25 16:51:50	[ERROR]	In root	[PARSER] Data length ERROR
06-Mar-25 16:51:51	[ERROR]	In root	[PARSER] Data length ERROR
06-Mar-25 16:51:52	[ERROR]	In root	[PARSER] Data length ERROR
06-Mar-25 16:51:53	[ERROR]	In root	[PARSER] Data length ERROR
06-Mar-25 16:51:55	[ERROR]	In root	[PARSER] Data length ERROR
06-Mar-25 16:51:56	[ERROR]	In root	[PARSER] Data length ERROR
06-Mar-25 16:55:51	[WARNING]	In root	[GCS] Ground Control Station Initialized
06-Mar-25 16:55:52	[WARNING]	In root	[GCS] Ground Control Station Initialized
06-Mar-25 16:55:54	[CRITICAL]	In root	[LOG_SERIAL] The port has not been initialized.
06-Mar-25 16:55:54	[INFO]	In root	[LOG_SERIAL] Device "COM10" is successfully connected with baud rate 115200.
06-Mar-25 16:55:54	[INFO]	In root	[THREAD_SERIAL] Thread is started!
06-Mar-25 16:55:54	[INFO]	In root	[THREAD_SERIAL] Thread is started!
06-Mar-25 16:55:54	[INFO]	In root	[THREAD_FILE] File writer thread task started.
06-Mar-25 16:55:54	[INFO]	In root	[THREAD_FILE] Thread is started!
06-Mar-25 16:55:54	[INFO]	In root	[THREAD_FILE] File writer thread task started.
06-Mar-25 16:55:54	[INFO]	In root	[THREAD_FILE] Thread is started!
06-Mar-25 16:55:54	[INFO]	In root	[TELEMETRY_BROADCAST] Telemetry broadcast thread started.
06-Mar-25 16:55:56	[ERROR]	In root	[PARSER] Data length ERROR
06-Mar-25 16:55:57	[ERROR]	In root	[PARSER] Data length ERROR
06-Mar-25 16:55:58	[ERROR]	In root	[PARSER] Data length ERROR
06-Mar-25 16:56:00	[ERROR]	In root	[PARSER] Data length ERROR
06-Mar-25 16:56:00	[ERROR]	In root	[PARSER] Data length ERROR
06-Mar-25 16:56:01	[ERROR]	In root	[PARSER] Data length ERROR
06-Mar-25 16:56:02	[ERROR]	In root	[PARSER] Data length ERROR
06-Mar-25 16:56:04	[ERROR]	In root	[PARSER] Data length ERROR
06-Mar-25 16:56:05	[ERROR]	In root	[PARSER] Data length ERROR
06-Mar-25 16:56:06	[ERROR]	In root	[PARSER] Data length ERROR
06-Mar-25 16:56:07	[ERROR]	In root	[PARSER] Data length ERROR
06-Mar-25 16:56:08	[WARNING]	In root	[GCS] Ground Control Station Initialized
06-Mar-25 16:56:38	[WARNING]	In root	[GCS] Ground Control Station Initialized
06-Mar-25 16:56:38	[WARNING]	In root	[GCS] Ground Control Station Initialized
06-Mar-25 16:56:43	[CRITICAL]	In root	[LOG_SERIAL] The port has not been initialized.
06-Mar-25 16:56:43	[INFO]	In root	[LOG_SERIAL] Device "COM10" is successfully connected with baud rate 115200.
06-Mar-25 16:56:43	[INFO]	In root	[THREAD_SERIAL] Thread is started!
06-Mar-25 16:56:43	[INFO]	In root	[THREAD_SERIAL] Thread is started!
06-Mar-25 16:56:43	[INFO]	In root	[THREAD_FILE] File writer thread task started.
06-Mar-25 16:56:43	[INFO]	In root	[THREAD_FILE] Thread is started!
06-Mar-25 16:56:43	[INFO]	In root	[THREAD_FILE] File writer thread task started.
06-Mar-25 16:56:43	[INFO]	In root	[THREAD_FILE] Thread is started!
06-Mar-25 16:56:43	[INFO]	In root	[TELEMETRY_BROADCAST] Telemetry broadcast thread started.
06-Mar-25 17:14:53	[WARNING]	In root	[GCS] Ground Control Station Initialized
06-Mar-25 17:14:53	[WARNING]	In root	[GCS] Ground Control Station Initialized
